2024-05-07T14:48:25.102Z 0: 

----------------------------------------------
2024-05-07T14:48:25.111Z 1: Discord starting: {"releaseChannel":"stable","version":"0.0.53"}, modulepath: /home/kyroh/.config/discord/0.0.53/modules
2024-05-07T14:48:25.115Z 2: ✅ webContents.created web1 ""
2024-05-07T14:48:25.119Z 3: ✅ window.created win1 "discord"
2024-05-07T14:48:25.469Z 4: ✅ webContents.did-finish-load web1
2024-05-07T14:48:37.805Z 5: ✅ webContents.created web2 ""
2024-05-07T14:48:37.814Z 6: ✅ window.created win2 "Discord"
2024-05-07T14:48:38.671Z 7: ✅ webContents.did-finish-load web2
2024-05-07T14:48:38.771Z 8: window.close win1
2024-05-07T14:48:38.796Z 9: webContents.destroyed web1
2024-05-07T14:48:38.798Z 10: window.closed win1
2024-05-07T14:51:20.984Z 11: window.close win2
2024-05-07T14:51:25.807Z 0: 

----------------------------------------------
2024-05-07T15:50:15.080Z 12: ❌ child-process-gone {
  type: 'GPU',
  reason: 'abnormal-exit',
  exitCode: 8704,
  serviceName: 'GPU'
}
2024-05-07T15:50:15.086Z 13: before-quit
2024-05-07T15:50:15.088Z 14: window.close win2
2024-05-07T15:50:15.386Z 15: webContents.destroyed web2
2024-05-07T16:27:21.470Z 0: 

----------------------------------------------
2024-05-07T16:27:21.494Z 1: Discord starting: {"releaseChannel":"stable","version":"0.0.53"}, modulepath: /home/kyroh/.config/discord/0.0.53/modules
2024-05-07T16:27:21.497Z 2: ✅ webContents.created web1 ""
2024-05-07T16:27:21.499Z 3: ✅ window.created win1 "discord"
2024-05-07T16:27:21.840Z 4: ✅ webContents.did-finish-load web1
2024-05-07T16:27:22.039Z 5: ✅ webContents.created web2 ""
2024-05-07T16:27:22.043Z 6: ✅ window.created win2 "Discord"
2024-05-07T16:27:23.173Z 7: ✅ webContents.did-finish-load web2
2024-05-07T16:27:23.266Z 8: window.close win1
2024-05-07T16:27:23.272Z 9: webContents.destroyed web1
2024-05-07T16:27:23.275Z 10: window.closed win1
2024-05-07T17:14:54.086Z 11: window.close win2
2024-05-07T17:31:52.470Z 12: before-quit
2024-05-07T17:58:07.075Z 0: 

----------------------------------------------
2024-05-07T17:58:07.085Z 1: Discord starting: {"releaseChannel":"stable","version":"0.0.53"}, modulepath: /home/kyroh/.config/discord/0.0.53/modules
2024-05-07T17:58:07.095Z 2: ✅ webContents.created web1 ""
2024-05-07T17:58:07.102Z 3: ✅ window.created win1 "discord"
2024-05-07T17:58:07.371Z 4: ✅ webContents.did-finish-load web1
2024-05-07T17:58:07.598Z 5: ✅ webContents.created web2 ""
2024-05-07T17:58:07.603Z 6: ✅ window.created win2 "Discord"
2024-05-07T17:58:08.896Z 7: ✅ webContents.did-finish-load web2
2024-05-07T17:58:09.008Z 8: window.close win1
2024-05-07T17:58:09.024Z 9: webContents.destroyed web1
2024-05-07T17:58:09.028Z 10: window.closed win1
2024-05-07T19:22:58.414Z 11: ❌ child-process-gone {
  type: 'GPU',
  reason: 'abnormal-exit',
  exitCode: 8704,
  serviceName: 'GPU'
}
2024-05-07T19:22:58.423Z 12: before-quit
2024-05-07T19:22:58.428Z 13: window.close win2
2024-05-07T19:22:58.710Z 14: webContents.destroyed web2
2024-05-07T19:28:14.820Z 0: 

----------------------------------------------
2024-05-07T19:28:14.829Z 1: Discord starting: {"releaseChannel":"stable","version":"0.0.53"}, modulepath: /home/kyroh/.config/discord/0.0.53/modules
2024-05-07T19:28:14.840Z 2: ✅ webContents.created web1 ""
2024-05-07T19:28:14.843Z 3: ✅ window.created win1 "discord"
2024-05-07T19:28:15.069Z 4: ✅ webContents.did-finish-load web1
2024-05-07T19:28:15.291Z 5: ✅ webContents.created web2 ""
2024-05-07T19:28:15.295Z 6: ✅ window.created win2 "Discord"
2024-05-07T19:28:16.362Z 7: ✅ webContents.did-finish-load web2
2024-05-07T19:28:16.462Z 8: window.close win1
2024-05-07T19:28:16.478Z 9: webContents.destroyed web1
2024-05-07T19:28:16.480Z 10: window.closed win1
2024-05-07T19:28:41.722Z 11: ❌ child-process-gone {
  type: 'GPU',
  reason: 'abnormal-exit',
  exitCode: 8704,
  serviceName: 'GPU'
}
2024-05-07T19:28:41.727Z 12: before-quit
2024-05-07T19:28:41.729Z 13: window.close win2
2024-05-07T19:28:41.925Z 14: webContents.destroyed web2
2024-05-08T03:55:09.374Z 0: 

----------------------------------------------
2024-05-08T03:55:09.392Z 1: Discord starting: {"releaseChannel":"stable","version":"0.0.53"}, modulepath: /home/kyroh/.config/discord/0.0.53/modules
2024-05-08T03:55:09.395Z 2: ✅ webContents.created web1 ""
2024-05-08T03:55:09.398Z 3: ✅ window.created win1 "discord"
2024-05-08T03:55:09.612Z 4: ✅ webContents.did-finish-load web1
2024-05-08T03:55:09.799Z 5: ✅ webContents.created web2 ""
2024-05-08T03:55:09.803Z 6: ✅ window.created win2 "Discord"
2024-05-08T03:55:10.816Z 7: ✅ webContents.did-finish-load web2
2024-05-08T03:55:10.916Z 8: window.close win1
2024-05-08T03:55:10.937Z 9: webContents.destroyed web1
2024-05-08T03:55:10.939Z 10: window.closed win1
2024-05-08T04:25:52.821Z 11: ❌ child-process-gone {
  type: 'GPU',
  reason: 'abnormal-exit',
  exitCode: 8704,
  serviceName: 'GPU'
}
2024-05-08T04:25:52.827Z 12: before-quit
2024-05-08T04:25:52.829Z 13: window.close win2
2024-05-08T04:25:53.147Z 14: webContents.destroyed web2
2024-05-08T15:54:15.743Z 0: 

----------------------------------------------
2024-05-08T15:54:15.753Z 1: Discord starting: {"releaseChannel":"stable","version":"0.0.53"}, modulepath: /home/kyroh/.config/discord/0.0.53/modules
2024-05-08T15:54:15.761Z 2: ✅ webContents.created web1 ""
2024-05-08T15:54:15.765Z 3: ✅ window.created win1 "discord"
2024-05-08T15:54:16.028Z 4: ✅ webContents.did-finish-load web1
2024-05-08T15:54:16.246Z 5: ✅ webContents.created web2 ""
2024-05-08T15:54:16.250Z 6: ✅ window.created win2 "Discord"
2024-05-08T15:54:17.438Z 7: ✅ webContents.did-finish-load web2
2024-05-08T15:54:17.539Z 8: window.close win1
2024-05-08T15:54:17.547Z 9: webContents.destroyed web1
2024-05-08T15:54:17.550Z 10: window.closed win1
2024-05-08T19:32:29.581Z 11: window.close win2
2024-05-08T19:32:42.435Z 12: before-quit
2024-05-09T20:02:38.220Z 0: 

----------------------------------------------
2024-05-09T20:02:38.228Z 1: Discord starting: {"releaseChannel":"stable","version":"0.0.53"}, modulepath: /home/kyroh/.config/discord/0.0.53/modules
2024-05-09T20:02:38.237Z 2: ✅ webContents.created web1 ""
2024-05-09T20:02:38.244Z 3: ✅ window.created win1 "discord"
2024-05-09T20:02:38.489Z 4: ✅ webContents.did-finish-load web1
2024-05-09T20:02:53.301Z 5: window.close win1
2024-05-09T20:10:46.243Z 0: 

----------------------------------------------
2024-05-09T20:10:46.256Z 1: Discord starting: {"releaseChannel":"stable","version":"0.0.53"}, modulepath: /home/kyroh/.config/discord/0.0.53/modules
2024-05-09T20:10:46.265Z 2: ✅ webContents.created web1 ""
2024-05-09T20:10:46.268Z 3: ✅ window.created win1 "discord"
2024-05-09T20:10:46.465Z 4: ✅ webContents.did-finish-load web1
2024-05-09T20:10:46.705Z 5: ✅ webContents.created web2 ""
2024-05-09T20:10:46.710Z 6: ✅ window.created win2 "Discord"
2024-05-09T20:10:47.992Z 7: ✅ webContents.did-finish-load web2
2024-05-09T20:10:48.083Z 8: window.close win1
2024-05-09T20:10:48.089Z 9: webContents.destroyed web1
2024-05-09T20:10:48.092Z 10: window.closed win1
2024-05-10T01:10:10.448Z 11: before-quit
2024-05-10T01:10:10.452Z 12: window.close win2
2024-05-10T01:15:09.661Z 0: 

----------------------------------------------
2024-05-10T01:15:09.670Z 1: Discord starting: {"releaseChannel":"stable","version":"0.0.53"}, modulepath: /home/kyroh/.config/discord/0.0.53/modules
2024-05-10T01:15:09.679Z 2: ✅ webContents.created web1 ""
2024-05-10T01:15:09.689Z 3: ✅ window.created win1 "discord"
2024-05-10T01:15:11.065Z 4: ✅ webContents.did-finish-load web1
2024-05-10T01:15:11.286Z 5: ✅ webContents.created web2 ""
2024-05-10T01:15:11.290Z 6: ✅ window.created win2 "Discord"
2024-05-10T01:15:12.339Z 7: ✅ webContents.did-finish-load web2
2024-05-10T01:15:12.439Z 8: window.close win1
2024-05-10T01:15:12.443Z 9: webContents.destroyed web1
2024-05-10T01:15:12.445Z 10: window.closed win1
2024-05-10T01:25:30.483Z 11: before-quit
2024-05-10T01:41:35.911Z 0: 

----------------------------------------------
2024-05-10T01:41:35.923Z 1: Discord starting: {"releaseChannel":"stable","version":"0.0.53"}, modulepath: /home/kyroh/.config/discord/0.0.53/modules
2024-05-10T01:41:35.935Z 2: ✅ webContents.created web1 ""
2024-05-10T01:41:35.941Z 3: ✅ window.created win1 "discord"
2024-05-10T01:41:37.558Z 4: ✅ webContents.did-finish-load web1
2024-05-10T01:41:37.779Z 5: ✅ webContents.created web2 ""
2024-05-10T01:41:37.784Z 6: ✅ window.created win2 "Discord"
2024-05-10T01:41:38.815Z 7: ✅ webContents.did-finish-load web2
2024-05-10T01:41:38.921Z 8: window.close win1
2024-05-10T01:41:38.926Z 9: webContents.destroyed web1
2024-05-10T01:41:38.928Z 10: window.closed win1
2024-05-10T02:18:41.230Z 11: before-quit
2024-05-10T02:23:56.473Z 0: 

----------------------------------------------
2024-05-10T02:23:56.481Z 1: Discord starting: {"releaseChannel":"stable","version":"0.0.53"}, modulepath: /home/kyroh/.config/discord/0.0.53/modules
2024-05-10T02:23:56.490Z 2: ✅ webContents.created web1 ""
2024-05-10T02:23:56.493Z 3: ✅ window.created win1 "discord"
2024-05-10T02:23:58.010Z 4: ✅ webContents.did-finish-load web1
2024-05-10T02:23:58.252Z 5: ✅ webContents.created web2 ""
2024-05-10T02:23:58.483Z 6: ✅ window.created win2 "Discord"
2024-05-10T02:23:59.412Z 7: ✅ webContents.did-finish-load web2
2024-05-10T02:23:59.512Z 8: window.close win1
2024-05-10T02:23:59.562Z 9: webContents.destroyed web1
2024-05-10T02:23:59.619Z 10: window.closed win1
2024-05-10T02:27:43.953Z 11: before-quit
2024-05-10T02:31:55.320Z 0: 

----------------------------------------------
2024-05-10T02:31:55.337Z 1: Discord starting: {"releaseChannel":"stable","version":"0.0.53"}, modulepath: /home/kyroh/.config/discord/0.0.53/modules
2024-05-10T02:31:55.340Z 2: ✅ webContents.created web1 ""
2024-05-10T02:31:55.343Z 3: ✅ window.created win1 "discord"
2024-05-10T02:31:56.867Z 4: ✅ webContents.did-finish-load web1
2024-05-10T02:31:57.107Z 5: ✅ webContents.created web2 ""
2024-05-10T02:31:57.111Z 6: ✅ window.created win2 "Discord"
2024-05-10T02:31:58.150Z 7: ✅ webContents.did-finish-load web2
2024-05-10T02:31:58.249Z 8: window.close win1
2024-05-10T02:31:58.254Z 9: webContents.destroyed web1
2024-05-10T02:31:58.257Z 10: window.closed win1
2024-05-10T02:38:03.196Z 11: before-quit
2024-05-10T02:57:14.257Z 0: 

----------------------------------------------
2024-05-10T02:57:14.266Z 1: Discord starting: {"releaseChannel":"stable","version":"0.0.53"}, modulepath: /home/kyroh/.config/discord/0.0.53/modules
2024-05-10T02:57:14.274Z 2: ✅ webContents.created web1 ""
2024-05-10T02:57:14.278Z 3: ✅ window.created win1 "discord"
2024-05-10T02:57:15.745Z 4: ✅ webContents.did-finish-load web1
2024-05-10T02:57:15.972Z 5: ✅ webContents.created web2 ""
2024-05-10T02:57:15.978Z 6: ✅ window.created win2 "Discord"
2024-05-10T02:57:17.002Z 7: ✅ webContents.did-finish-load web2
2024-05-10T02:57:17.102Z 8: window.close win1
2024-05-10T02:57:17.110Z 9: webContents.destroyed web1
2024-05-10T02:57:17.115Z 10: window.closed win1
2024-05-10T03:03:08.000Z 11: window.close win2
2024-05-10T03:22:22.682Z 12: before-quit
2024-05-10T03:31:25.374Z 0: 

----------------------------------------------
2024-05-10T03:31:25.390Z 1: Discord starting: {"releaseChannel":"stable","version":"0.0.53"}, modulepath: /home/kyroh/.config/discord/0.0.53/modules
2024-05-10T03:31:25.395Z 2: ✅ webContents.created web1 ""
2024-05-10T03:31:25.398Z 3: ✅ window.created win1 "discord"
2024-05-10T03:31:26.921Z 4: ✅ webContents.did-finish-load web1
2024-05-10T03:31:27.128Z 5: ✅ webContents.created web2 ""
2024-05-10T03:31:27.132Z 6: ✅ window.created win2 "Discord"
2024-05-10T03:31:28.187Z 7: ✅ webContents.did-finish-load web2
2024-05-10T03:31:28.285Z 8: window.close win1
2024-05-10T03:31:28.291Z 9: webContents.destroyed web1
2024-05-10T03:31:28.300Z 10: window.closed win1
2024-05-10T03:53:07.335Z 11: before-quit
2024-05-10T03:55:26.576Z 0: 

----------------------------------------------
2024-05-10T03:55:26.584Z 1: Discord starting: {"releaseChannel":"stable","version":"0.0.53"}, modulepath: /home/kyroh/.config/discord/0.0.53/modules
2024-05-10T03:55:26.593Z 2: ✅ webContents.created web1 ""
2024-05-10T03:55:26.596Z 3: ✅ window.created win1 "discord"
2024-05-10T03:55:28.179Z 4: ✅ webContents.did-finish-load web1
2024-05-10T03:55:28.366Z 5: ✅ webContents.created web2 ""
2024-05-10T03:55:28.369Z 6: ✅ window.created win2 "Discord"
2024-05-10T03:55:29.469Z 7: ✅ webContents.did-finish-load web2
2024-05-10T03:55:29.568Z 8: window.close win1
2024-05-10T03:55:29.576Z 9: webContents.destroyed web1
2024-05-10T03:55:29.580Z 10: window.closed win1
2024-05-10T04:00:03.190Z 11: window.close win2
2024-05-10T04:00:11.558Z 12: before-quit
2024-05-10T04:04:47.100Z 0: 

----------------------------------------------
2024-05-10T04:04:47.111Z 1: Discord starting: {"releaseChannel":"stable","version":"0.0.53"}, modulepath: /home/kyroh/.config/discord/0.0.53/modules
2024-05-10T04:04:47.122Z 2: ✅ webContents.created web1 ""
2024-05-10T04:04:47.130Z 3: ✅ window.created win1 "discord"
2024-05-10T04:04:47.399Z 4: ✅ webContents.did-finish-load web1
2024-05-10T04:04:48.011Z 5: ✅ webContents.created web2 ""
2024-05-10T04:04:48.014Z 6: ✅ window.created win2 "Discord"
2024-05-10T04:04:49.123Z 7: ✅ webContents.did-finish-load web2
2024-05-10T04:04:49.222Z 8: window.close win1
2024-05-10T04:04:49.234Z 9: webContents.destroyed web1
2024-05-10T04:04:49.237Z 10: window.closed win1
2024-05-10T04:05:24.037Z 11: window.close win2
2024-05-10T13:37:13.907Z 0: 

----------------------------------------------
2024-05-10T13:37:13.918Z 1: Discord starting: {"releaseChannel":"stable","version":"0.0.53"}, modulepath: /home/kyroh/.config/discord/0.0.53/modules
2024-05-10T14:08:30.023Z 12: window.close win2
2024-05-10T14:09:57.209Z 13: before-quit
