2024-07-17T00:09:27.370Z 0: 

----------------------------------------------
2024-07-17T00:09:27.373Z 1: Discord starting: {"releaseChannel":"stable","version":"0.0.60"}, modulepath: /home/kyroh/.config/discord/0.0.60/modules
2024-07-17T00:09:27.374Z 2: ✅ webContents.created web1 ""
2024-07-17T00:09:27.374Z 3: ✅ window.created win1 "discord"
2024-07-17T00:09:27.634Z 4: ✅ webContents.did-finish-load web1
2024-07-17T00:09:29.918Z 5: ✅ webContents.created web2 ""
2024-07-17T00:09:29.933Z 6: ✅ window.created win2 "Discord"
2024-07-17T00:09:30.696Z 7: ✅ webContents.did-finish-load web2
2024-07-17T00:09:30.795Z 8: window.close win1
2024-07-17T00:09:30.825Z 9: webContents.destroyed web1
2024-07-17T00:09:30.826Z 10: window.closed win1
2024-07-17T00:17:58.471Z 0: 

----------------------------------------------
2024-07-17T00:17:58.476Z 1: Discord starting: {"releaseChannel":"stable","version":"0.0.60"}, modulepath: /home/kyroh/.config/discord/0.0.60/modules
2024-07-17T00:17:58.478Z 2: ✅ webContents.created web1 ""
2024-07-17T00:17:58.478Z 3: ✅ window.created win1 "discord"
2024-07-17T00:17:58.701Z 4: ✅ webContents.did-finish-load web1
2024-07-17T00:17:58.917Z 5: ✅ webContents.created web2 ""
2024-07-17T00:17:58.919Z 6: ✅ window.created win2 "Discord"
2024-07-17T00:18:00.258Z 7: ✅ webContents.did-finish-load web2
2024-07-17T00:18:00.357Z 8: window.close win1
2024-07-17T00:18:00.377Z 9: webContents.destroyed web1
2024-07-17T00:18:00.378Z 10: window.closed win1
2024-07-17T00:19:26.250Z 11: window.close win2
2024-07-17T00:20:48.071Z 0: 

----------------------------------------------
2024-07-17T00:20:48.074Z 1: Discord starting: {"releaseChannel":"stable","version":"0.0.60"}, modulepath: /home/kyroh/.config/discord/0.0.60/modules
2024-07-17T00:35:45.661Z 12: before-quit
2024-07-17T00:35:45.662Z 13: window.close win2
2024-07-17T00:56:11.991Z 0: 

----------------------------------------------
2024-07-17T00:56:11.995Z 1: Discord starting: {"releaseChannel":"stable","version":"0.0.60"}, modulepath: /home/kyroh/.config/discord/0.0.60/modules
2024-07-17T00:56:11.997Z 2: ✅ webContents.created web1 ""
2024-07-17T00:56:11.997Z 3: ✅ window.created win1 "discord"
2024-07-17T00:56:12.198Z 4: ✅ webContents.did-finish-load web1
2024-07-17T00:56:12.397Z 5: ✅ webContents.created web2 ""
2024-07-17T00:56:12.399Z 6: ✅ window.created win2 "Discord"
2024-07-17T00:56:13.315Z 7: ✅ webContents.did-finish-load web2
2024-07-17T00:56:13.413Z 8: window.close win1
2024-07-17T00:56:13.445Z 9: webContents.destroyed web1
2024-07-17T00:56:13.446Z 10: window.closed win1
2024-07-17T01:10:58.403Z 11: window.close win2
2024-07-17T02:05:21.615Z 12: before-quit
2024-07-17T02:26:05.477Z 0: 

----------------------------------------------
2024-07-17T02:26:05.482Z 1: Discord starting: {"releaseChannel":"stable","version":"0.0.60"}, modulepath: /home/kyroh/.config/discord/0.0.60/modules
2024-07-17T02:26:05.484Z 2: ✅ webContents.created web1 ""
2024-07-17T02:26:05.484Z 3: ✅ window.created win1 "discord"
2024-07-17T02:26:05.730Z 4: ✅ webContents.did-finish-load web1
2024-07-17T02:26:05.894Z 5: ✅ webContents.created web2 ""
2024-07-17T02:26:05.899Z 6: ✅ window.created win2 "Discord"
2024-07-17T02:26:06.823Z 7: ✅ webContents.did-finish-load web2
2024-07-17T02:26:06.921Z 8: window.close win1
2024-07-17T02:26:06.944Z 9: webContents.destroyed web1
2024-07-17T02:26:06.945Z 10: window.closed win1
2024-07-17T02:27:48.155Z 11: window.close win2
2024-07-17T02:29:08.759Z 0: 

----------------------------------------------
2024-07-17T02:29:08.762Z 1: Discord starting: {"releaseChannel":"stable","version":"0.0.60"}, modulepath: /home/kyroh/.config/discord/0.0.60/modules
2024-07-17T02:29:18.609Z 12: window.close win2
2024-07-17T02:29:40.198Z 13: before-quit
2024-07-17T02:29:40.209Z 14: window.close win2
2024-07-17T02:29:40.213Z 15: ❌ child-process-gone {
  type: 'Utility',
  reason: 'killed',
  exitCode: 15,
  serviceName: 'audio.mojom.AudioService',
  name: 'Audio Service'
}
2024-07-17T02:29:40.215Z 16: ❌ child-process-gone {
  type: 'Utility',
  reason: 'killed',
  exitCode: 15,
  serviceName: 'network.mojom.NetworkService',
  name: 'Network Service'
}
2024-07-17T02:29:46.813Z 0: 

----------------------------------------------
2024-07-17T02:29:46.825Z 1: Discord starting: {"releaseChannel":"stable","version":"0.0.60"}, modulepath: /home/kyroh/.config/discord/0.0.60/modules
2024-07-17T02:29:46.825Z 2: ✅ webContents.created web1 ""
2024-07-17T02:29:46.826Z 3: ✅ window.created win1 "discord"
2024-07-17T02:29:47.019Z 4: ✅ webContents.did-finish-load web1
2024-07-17T02:29:47.139Z 5: ✅ webContents.created web2 ""
2024-07-17T02:29:47.151Z 6: ✅ window.created win2 "Discord"
2024-07-17T02:29:48.017Z 7: ✅ webContents.did-finish-load web2
2024-07-17T02:29:48.116Z 8: window.close win1
2024-07-17T02:29:48.140Z 9: webContents.destroyed web1
2024-07-17T02:29:48.141Z 10: window.closed win1
2024-07-17T02:33:27.803Z 11: window.close win2
2024-07-17T02:33:30.028Z 0: 

----------------------------------------------
2024-07-17T02:33:30.031Z 1: Discord starting: {"releaseChannel":"stable","version":"0.0.60"}, modulepath: /home/kyroh/.config/discord/0.0.60/modules
2024-07-17T02:36:14.882Z 0: 

----------------------------------------------
2024-07-17T02:36:14.894Z 1: Discord starting: {"releaseChannel":"stable","version":"0.0.60"}, modulepath: /home/kyroh/.config/discord/0.0.60/modules
2024-07-17T02:36:14.894Z 2: ✅ webContents.created web1 ""
2024-07-17T02:36:14.895Z 3: ✅ window.created win1 "discord"
2024-07-17T02:36:15.089Z 4: ✅ webContents.did-finish-load web1
2024-07-17T02:36:15.221Z 5: ✅ webContents.created web2 ""
2024-07-17T02:36:15.229Z 6: ✅ window.created win2 "Discord"
2024-07-17T02:36:16.119Z 7: ✅ webContents.did-finish-load web2
2024-07-17T02:36:16.218Z 8: window.close win1
2024-07-17T02:36:16.238Z 9: webContents.destroyed web1
2024-07-17T02:36:16.239Z 10: window.closed win1
2024-07-17T02:36:41.782Z 11: window.close win2
2024-07-17T04:48:19.780Z 12: before-quit
2024-07-17T06:33:35.142Z 0: 

----------------------------------------------
2024-07-17T06:33:35.147Z 1: Discord starting: {"releaseChannel":"stable","version":"0.0.60"}, modulepath: /home/kyroh/.config/discord/0.0.60/modules
2024-07-17T06:33:35.149Z 2: ✅ webContents.created web1 ""
2024-07-17T06:33:35.149Z 3: ✅ window.created win1 "discord"
2024-07-17T06:33:35.418Z 4: ✅ webContents.did-finish-load web1
2024-07-17T06:33:35.555Z 5: ✅ webContents.created web2 ""
2024-07-17T06:33:35.557Z 6: ✅ window.created win2 "Discord"
2024-07-17T06:33:36.506Z 7: ✅ webContents.did-finish-load web2
2024-07-17T06:33:36.604Z 8: window.close win1
2024-07-17T06:33:36.607Z 9: webContents.destroyed web1
2024-07-17T06:33:36.608Z 10: window.closed win1
2024-07-17T06:33:47.162Z 11: window.close win2
2024-07-17T07:34:29.950Z 0: 

----------------------------------------------
2024-07-17T07:34:29.954Z 1: Discord starting: {"releaseChannel":"stable","version":"0.0.60"}, modulepath: /home/kyroh/.config/discord/0.0.60/modules
2024-07-17T07:34:29.956Z 2: ✅ webContents.created web1 ""
2024-07-17T07:34:29.957Z 3: ✅ window.created win1 "discord"
2024-07-17T07:34:30.203Z 4: ✅ webContents.did-finish-load web1
2024-07-17T07:34:30.338Z 5: ✅ webContents.created web2 ""
2024-07-17T07:34:30.343Z 6: ✅ window.created win2 "Discord"
2024-07-17T07:34:31.333Z 7: ✅ webContents.did-finish-load web2
2024-07-17T07:34:31.432Z 8: window.close win1
2024-07-17T07:34:31.435Z 9: webContents.destroyed web1
2024-07-17T07:34:31.436Z 10: window.closed win1
2024-07-17T07:52:29.574Z 0: 

----------------------------------------------
2024-07-17T07:52:29.577Z 1: Discord starting: {"releaseChannel":"stable","version":"0.0.60"}, modulepath: /home/kyroh/.config/discord/0.0.60/modules
2024-07-17T08:36:56.446Z 11: before-quit
2024-07-17T08:38:36.948Z 0: 

----------------------------------------------
2024-07-17T08:38:36.953Z 1: Discord starting: {"releaseChannel":"stable","version":"0.0.60"}, modulepath: /home/kyroh/.config/discord/0.0.60/modules
2024-07-17T08:38:36.954Z 2: ✅ webContents.created web1 ""
2024-07-17T08:38:36.955Z 3: ✅ window.created win1 "discord"
2024-07-17T08:38:37.238Z 4: ✅ webContents.did-finish-load web1
2024-07-17T08:38:37.375Z 5: ✅ webContents.created web2 ""
2024-07-17T08:38:37.379Z 6: ✅ window.created win2 "Discord"
2024-07-17T08:38:38.302Z 7: ✅ webContents.did-finish-load web2
2024-07-17T08:38:38.401Z 8: window.close win1
2024-07-17T08:38:38.404Z 9: webContents.destroyed web1
2024-07-17T08:38:38.405Z 10: window.closed win1
2024-07-17T10:26:45.170Z 11: window.close win2
2024-07-17T10:28:14.775Z 12: before-quit
2024-07-17T18:26:38.592Z 0: 

----------------------------------------------
2024-07-17T18:26:38.598Z 1: Discord starting: {"releaseChannel":"stable","version":"0.0.60"}, modulepath: /home/kyroh/.config/discord/0.0.60/modules
2024-07-17T18:26:38.599Z 2: ✅ webContents.created web1 ""
2024-07-17T18:26:38.599Z 3: ✅ window.created win1 "discord"
2024-07-17T18:26:38.827Z 4: ✅ webContents.did-finish-load web1
2024-07-17T18:26:39.013Z 5: ✅ webContents.created web2 ""
2024-07-17T18:26:39.018Z 6: ✅ window.created win2 "Discord"
2024-07-17T18:26:39.982Z 7: ✅ webContents.did-finish-load web2
2024-07-17T18:26:40.082Z 8: window.close win1
2024-07-17T18:26:40.085Z 9: webContents.destroyed web1
2024-07-17T18:26:40.085Z 10: window.closed win1
2024-07-18T03:13:53.812Z 0: 

----------------------------------------------
2024-07-18T03:13:53.818Z 1: Discord starting: {"releaseChannel":"stable","version":"0.0.60"}, modulepath: /home/kyroh/.config/discord/0.0.60/modules
2024-07-18T03:13:53.819Z 2: ✅ webContents.created web1 ""
2024-07-18T03:13:53.820Z 3: ✅ window.created win1 "discord"
2024-07-18T03:13:54.006Z 4: ✅ webContents.did-finish-load web1
2024-07-18T03:13:54.151Z 5: ✅ webContents.created web2 ""
2024-07-18T03:13:54.156Z 6: ✅ window.created win2 "Discord"
2024-07-18T03:13:55.386Z 7: ✅ webContents.did-finish-load web2
2024-07-18T03:13:55.484Z 8: window.close win1
2024-07-18T03:13:55.487Z 9: webContents.destroyed web1
2024-07-18T03:13:55.488Z 10: window.closed win1
2024-07-18T03:18:39.024Z 0: 

----------------------------------------------
2024-07-18T03:18:39.029Z 1: Discord starting: {"releaseChannel":"stable","version":"0.0.60"}, modulepath: /home/kyroh/.config/discord/0.0.60/modules
2024-07-18T03:18:39.030Z 2: ✅ webContents.created web1 ""
2024-07-18T03:18:39.031Z 3: ✅ window.created win1 "discord"
2024-07-18T03:18:39.216Z 4: ✅ webContents.did-finish-load web1
2024-07-18T03:18:39.362Z 5: ✅ webContents.created web2 ""
2024-07-18T03:18:39.366Z 6: ✅ window.created win2 "Discord"
2024-07-18T03:18:40.657Z 7: ✅ webContents.did-finish-load web2
2024-07-18T03:18:40.756Z 8: window.close win1
2024-07-18T03:18:40.759Z 9: webContents.destroyed web1
2024-07-18T03:18:40.760Z 10: window.closed win1
2024-07-18T10:33:48.476Z 11: window.close win2
2024-07-18T10:34:23.943Z 12: before-quit
2024-07-19T03:52:04.791Z 0: 

----------------------------------------------
2024-07-19T03:52:04.796Z 1: Discord starting: {"releaseChannel":"stable","version":"0.0.60"}, modulepath: /home/kyroh/.config/discord/0.0.60/modules
2024-07-19T03:52:04.797Z 2: ✅ webContents.created web1 ""
2024-07-19T03:52:04.798Z 3: ✅ window.created win1 "discord"
2024-07-19T03:52:05.007Z 4: ✅ webContents.did-finish-load web1
2024-07-19T03:52:05.176Z 5: ✅ webContents.created web2 ""
2024-07-19T03:52:05.181Z 6: ✅ window.created win2 "Discord"
2024-07-19T03:52:06.525Z 7: ✅ webContents.did-finish-load web2
2024-07-19T03:52:06.624Z 8: window.close win1
2024-07-19T03:52:06.629Z 9: webContents.destroyed web1
2024-07-19T03:52:06.632Z 10: window.closed win1
2024-07-19T11:21:07.549Z 11: window.close win2
2024-07-19T11:21:17.147Z 0: 

----------------------------------------------
2024-07-19T11:21:17.150Z 1: Discord starting: {"releaseChannel":"stable","version":"0.0.60"}, modulepath: /home/kyroh/.config/discord/0.0.60/modules
2024-07-19T11:22:00.044Z 12: window.close win2
