2024-04-27T01:51:29.392Z [Modules] Modules initializing
2024-04-27T01:51:29.392Z [Modules] Distribution: remote
2024-04-27T01:51:29.392Z [Modules] Host updates: enabled
2024-04-27T01:51:29.392Z [Modules] Module updates: enabled
2024-04-27T01:51:29.392Z [Modules] Module install path: /home/kyroh/.config/discord/0.0.51/modules
2024-04-27T01:51:29.392Z [Modules] Module installed file path: /home/kyroh/.config/discord/0.0.51/modules/installed.json
2024-04-27T01:51:29.392Z [Modules] Module download path: /home/kyroh/.config/discord/0.0.51/modules/pending
2024-04-27T01:51:29.721Z [Modules] Bootstrapping...
2024-04-27T01:51:29.722Z [Modules] Installing discord_desktop_core@0 from /opt/discord/resources/bootstrap/discord_desktop_core.zip
2024-04-27T01:51:29.724Z [Modules] Failed installing discord_desktop_core@0: Error: ENOENT: no such file or directory, open '/opt/discord/resources/bootstrap/discord_desktop_core.zip'
2024-04-27T01:51:29.724Z [Modules] Installing discord_erlpack@0 from /opt/discord/resources/bootstrap/discord_erlpack.zip
2024-04-27T01:51:29.725Z [Modules] Failed installing discord_erlpack@0: Error: ENOENT: no such file or directory, open '/opt/discord/resources/bootstrap/discord_erlpack.zip'
2024-04-27T01:51:29.725Z [Modules] Installing discord_spellcheck@0 from /opt/discord/resources/bootstrap/discord_spellcheck.zip
2024-04-27T01:51:29.727Z [Modules] Failed installing discord_spellcheck@0: Error: ENOENT: no such file or directory, open '/opt/discord/resources/bootstrap/discord_spellcheck.zip'
2024-04-27T01:51:29.730Z [Modules] Installing discord_utils@0 from /opt/discord/resources/bootstrap/discord_utils.zip
2024-04-27T01:51:29.731Z [Modules] Failed installing discord_utils@0: Error: ENOENT: no such file or directory, open '/opt/discord/resources/bootstrap/discord_utils.zip'
2024-04-27T01:51:29.731Z [Modules] Installing discord_voice@0 from /opt/discord/resources/bootstrap/discord_voice.zip
2024-04-27T01:51:29.731Z [Modules] Failed installing discord_voice@0: Error: ENOENT: no such file or directory, open '/opt/discord/resources/bootstrap/discord_voice.zip'
2024-04-27T01:51:29.731Z [Modules] Installing discord_zstd@0 from /opt/discord/resources/bootstrap/discord_zstd.zip
2024-04-27T01:51:29.731Z [Modules] Failed installing discord_zstd@0: Error: ENOENT: no such file or directory, open '/opt/discord/resources/bootstrap/discord_zstd.zip'
2024-04-27T01:51:29.731Z [Modules] Finished module installations. [success: 0] [failure: 6]
2024-04-27T01:51:29.732Z [Modules] Checking for host updates.
2024-04-27T01:51:30.172Z [Modules] Host is up to date.
2024-04-27T01:51:30.172Z [Modules] Checking for module updates at https://discord.com/api/modules/stable/versions.json
2024-04-27T01:51:30.267Z [Modules] Module update available: discord_desktop_core@1 [installed: 0]
2024-04-27T01:51:30.267Z [Modules] Module update available: discord_erlpack@1 [installed: 0]
2024-04-27T01:51:30.267Z [Modules] Module update available: discord_spellcheck@1 [installed: 0]
2024-04-27T01:51:30.267Z [Modules] Module update available: discord_utils@1 [installed: 0]
2024-04-27T01:51:30.267Z [Modules] Module update available: discord_voice@1 [installed: 0]
2024-04-27T01:51:30.267Z [Modules] Module update available: discord_zstd@1 [installed: 0]
2024-04-27T01:51:30.268Z [Modules] Fetching discord_desktop_core@1 from https://discord.com/api/modules/stable/discord_desktop_core/1
2024-04-27T01:51:30.268Z [Modules] Streaming discord_desktop_core@1 to /home/kyroh/.config/discord/0.0.51/modules/pending/discord_desktop_core-1.zip
2024-04-27T01:51:31.064Z [Modules] Streaming discord_desktop_core@1 to /home/kyroh/.config/discord/0.0.51/modules/pending/discord_desktop_core-1.zip: 1%
2024-04-27T01:51:31.226Z [Modules] Streaming discord_desktop_core@1 to /home/kyroh/.config/discord/0.0.51/modules/pending/discord_desktop_core-1.zip: 2%
2024-04-27T01:51:31.284Z [Modules] Streaming discord_desktop_core@1 to /home/kyroh/.config/discord/0.0.51/modules/pending/discord_desktop_core-1.zip: 3%
2024-04-27T01:51:31.326Z [Modules] Streaming discord_desktop_core@1 to /home/kyroh/.config/discord/0.0.51/modules/pending/discord_desktop_core-1.zip: 4%
2024-04-27T01:51:31.397Z [Modules] Streaming discord_desktop_core@1 to /home/kyroh/.config/discord/0.0.51/modules/pending/discord_desktop_core-1.zip: 5%
2024-04-27T01:51:31.430Z [Modules] Streaming discord_desktop_core@1 to /home/kyroh/.config/discord/0.0.51/modules/pending/discord_desktop_core-1.zip: 6%
2024-04-27T01:51:31.444Z [Modules] Streaming discord_desktop_core@1 to /home/kyroh/.config/discord/0.0.51/modules/pending/discord_desktop_core-1.zip: 7%
2024-04-27T01:51:31.458Z [Modules] Streaming discord_desktop_core@1 to /home/kyroh/.config/discord/0.0.51/modules/pending/discord_desktop_core-1.zip: 8%
2024-04-27T01:51:31.471Z [Modules] Streaming discord_desktop_core@1 to /home/kyroh/.config/discord/0.0.51/modules/pending/discord_desktop_core-1.zip: 9%
2024-04-27T01:51:31.482Z [Modules] Streaming discord_desktop_core@1 to /home/kyroh/.config/discord/0.0.51/modules/pending/discord_desktop_core-1.zip: 10%
2024-04-27T01:51:31.489Z [Modules] Streaming discord_desktop_core@1 to /home/kyroh/.config/discord/0.0.51/modules/pending/discord_desktop_core-1.zip: 11%
2024-04-27T01:51:31.513Z [Modules] Streaming discord_desktop_core@1 to /home/kyroh/.config/discord/0.0.51/modules/pending/discord_desktop_core-1.zip: 12%
2024-04-27T01:51:31.523Z [Modules] Streaming discord_desktop_core@1 to /home/kyroh/.config/discord/0.0.51/modules/pending/discord_desktop_core-1.zip: 13%
2024-04-27T01:51:31.535Z [Modules] Streaming discord_desktop_core@1 to /home/kyroh/.config/discord/0.0.51/modules/pending/discord_desktop_core-1.zip: 14%
2024-04-27T01:51:31.548Z [Modules] Streaming discord_desktop_core@1 to /home/kyroh/.config/discord/0.0.51/modules/pending/discord_desktop_core-1.zip: 15%
2024-04-27T01:51:31.559Z [Modules] Streaming discord_desktop_core@1 to /home/kyroh/.config/discord/0.0.51/modules/pending/discord_desktop_core-1.zip: 16%
2024-04-27T01:51:31.565Z [Modules] Streaming discord_desktop_core@1 to /home/kyroh/.config/discord/0.0.51/modules/pending/discord_desktop_core-1.zip: 17%
2024-04-27T01:51:31.576Z [Modules] Streaming discord_desktop_core@1 to /home/kyroh/.config/discord/0.0.51/modules/pending/discord_desktop_core-1.zip: 19%
2024-04-27T01:51:31.590Z [Modules] Streaming discord_desktop_core@1 to /home/kyroh/.config/discord/0.0.51/modules/pending/discord_desktop_core-1.zip: 21%
2024-04-27T01:51:31.595Z [Modules] Streaming discord_desktop_core@1 to /home/kyroh/.config/discord/0.0.51/modules/pending/discord_desktop_core-1.zip: 22%
2024-04-27T01:51:31.600Z [Modules] Streaming discord_desktop_core@1 to /home/kyroh/.config/discord/0.0.51/modules/pending/discord_desktop_core-1.zip: 23%
2024-04-27T01:51:31.613Z [Modules] Streaming discord_desktop_core@1 to /home/kyroh/.config/discord/0.0.51/modules/pending/discord_desktop_core-1.zip: 24%
2024-04-27T01:51:31.616Z [Modules] Streaming discord_desktop_core@1 to /home/kyroh/.config/discord/0.0.51/modules/pending/discord_desktop_core-1.zip: 25%
2024-04-27T01:51:31.627Z [Modules] Streaming discord_desktop_core@1 to /home/kyroh/.config/discord/0.0.51/modules/pending/discord_desktop_core-1.zip: 26%
2024-04-27T01:51:31.632Z [Modules] Streaming discord_desktop_core@1 to /home/kyroh/.config/discord/0.0.51/modules/pending/discord_desktop_core-1.zip: 28%
2024-04-27T01:51:31.639Z [Modules] Streaming discord_desktop_core@1 to /home/kyroh/.config/discord/0.0.51/modules/pending/discord_desktop_core-1.zip: 29%
2024-04-27T01:51:31.641Z [Modules] Streaming discord_desktop_core@1 to /home/kyroh/.config/discord/0.0.51/modules/pending/discord_desktop_core-1.zip: 30%
2024-04-27T01:51:31.645Z [Modules] Streaming discord_desktop_core@1 to /home/kyroh/.config/discord/0.0.51/modules/pending/discord_desktop_core-1.zip: 31%
2024-04-27T01:51:31.652Z [Modules] Streaming discord_desktop_core@1 to /home/kyroh/.config/discord/0.0.51/modules/pending/discord_desktop_core-1.zip: 33%
2024-04-27T01:51:31.654Z [Modules] Streaming discord_desktop_core@1 to /home/kyroh/.config/discord/0.0.51/modules/pending/discord_desktop_core-1.zip: 34%
2024-04-27T01:51:31.659Z [Modules] Streaming discord_desktop_core@1 to /home/kyroh/.config/discord/0.0.51/modules/pending/discord_desktop_core-1.zip: 35%
2024-04-27T01:51:31.664Z [Modules] Streaming discord_desktop_core@1 to /home/kyroh/.config/discord/0.0.51/modules/pending/discord_desktop_core-1.zip: 37%
2024-04-27T01:51:31.674Z [Modules] Streaming discord_desktop_core@1 to /home/kyroh/.config/discord/0.0.51/modules/pending/discord_desktop_core-1.zip: 39%
2024-04-27T01:51:31.681Z [Modules] Streaming discord_desktop_core@1 to /home/kyroh/.config/discord/0.0.51/modules/pending/discord_desktop_core-1.zip: 42%
2024-04-27T01:51:31.687Z [Modules] Streaming discord_desktop_core@1 to /home/kyroh/.config/discord/0.0.51/modules/pending/discord_desktop_core-1.zip: 44%
2024-04-27T01:51:31.693Z [Modules] Streaming discord_desktop_core@1 to /home/kyroh/.config/discord/0.0.51/modules/pending/discord_desktop_core-1.zip: 45%
2024-04-27T01:51:31.700Z [Modules] Streaming discord_desktop_core@1 to /home/kyroh/.config/discord/0.0.51/modules/pending/discord_desktop_core-1.zip: 47%
2024-04-27T01:51:31.707Z [Modules] Streaming discord_desktop_core@1 to /home/kyroh/.config/discord/0.0.51/modules/pending/discord_desktop_core-1.zip: 49%
2024-04-27T01:51:31.714Z [Modules] Streaming discord_desktop_core@1 to /home/kyroh/.config/discord/0.0.51/modules/pending/discord_desktop_core-1.zip: 51%
2024-04-27T01:51:31.724Z [Modules] Streaming discord_desktop_core@1 to /home/kyroh/.config/discord/0.0.51/modules/pending/discord_desktop_core-1.zip: 54%
2024-04-27T01:51:31.730Z [Modules] Streaming discord_desktop_core@1 to /home/kyroh/.config/discord/0.0.51/modules/pending/discord_desktop_core-1.zip: 56%
2024-04-27T01:51:31.733Z [Modules] Streaming discord_desktop_core@1 to /home/kyroh/.config/discord/0.0.51/modules/pending/discord_desktop_core-1.zip: 57%
2024-04-27T01:51:31.739Z [Modules] Streaming discord_desktop_core@1 to /home/kyroh/.config/discord/0.0.51/modules/pending/discord_desktop_core-1.zip: 58%
2024-04-27T01:51:31.744Z [Modules] Streaming discord_desktop_core@1 to /home/kyroh/.config/discord/0.0.51/modules/pending/discord_desktop_core-1.zip: 59%
2024-04-27T01:51:31.745Z [Modules] Streaming discord_desktop_core@1 to /home/kyroh/.config/discord/0.0.51/modules/pending/discord_desktop_core-1.zip: 61%
2024-04-27T01:51:31.749Z [Modules] Streaming discord_desktop_core@1 to /home/kyroh/.config/discord/0.0.51/modules/pending/discord_desktop_core-1.zip: 63%
2024-04-27T01:51:31.757Z [Modules] Streaming discord_desktop_core@1 to /home/kyroh/.config/discord/0.0.51/modules/pending/discord_desktop_core-1.zip: 64%
2024-04-27T01:51:31.761Z [Modules] Streaming discord_desktop_core@1 to /home/kyroh/.config/discord/0.0.51/modules/pending/discord_desktop_core-1.zip: 66%
2024-04-27T01:51:31.763Z [Modules] Streaming discord_desktop_core@1 to /home/kyroh/.config/discord/0.0.51/modules/pending/discord_desktop_core-1.zip: 67%
2024-04-27T01:51:31.767Z [Modules] Streaming discord_desktop_core@1 to /home/kyroh/.config/discord/0.0.51/modules/pending/discord_desktop_core-1.zip: 69%
2024-04-27T01:51:31.770Z [Modules] Streaming discord_desktop_core@1 to /home/kyroh/.config/discord/0.0.51/modules/pending/discord_desktop_core-1.zip: 71%
2024-04-27T01:51:31.774Z [Modules] Streaming discord_desktop_core@1 to /home/kyroh/.config/discord/0.0.51/modules/pending/discord_desktop_core-1.zip: 73%
2024-04-27T01:51:31.776Z [Modules] Streaming discord_desktop_core@1 to /home/kyroh/.config/discord/0.0.51/modules/pending/discord_desktop_core-1.zip: 74%
2024-04-27T01:51:31.780Z [Modules] Streaming discord_desktop_core@1 to /home/kyroh/.config/discord/0.0.51/modules/pending/discord_desktop_core-1.zip: 76%
2024-04-27T01:51:31.782Z [Modules] Streaming discord_desktop_core@1 to /home/kyroh/.config/discord/0.0.51/modules/pending/discord_desktop_core-1.zip: 77%
2024-04-27T01:51:31.785Z [Modules] Streaming discord_desktop_core@1 to /home/kyroh/.config/discord/0.0.51/modules/pending/discord_desktop_core-1.zip: 80%
2024-04-27T01:51:31.788Z [Modules] Streaming discord_desktop_core@1 to /home/kyroh/.config/discord/0.0.51/modules/pending/discord_desktop_core-1.zip: 81%
2024-04-27T01:51:31.793Z [Modules] Streaming discord_desktop_core@1 to /home/kyroh/.config/discord/0.0.51/modules/pending/discord_desktop_core-1.zip: 84%
2024-04-27T01:51:31.794Z [Modules] Streaming discord_desktop_core@1 to /home/kyroh/.config/discord/0.0.51/modules/pending/discord_desktop_core-1.zip: 85%
2024-04-27T01:51:31.798Z [Modules] Streaming discord_desktop_core@1 to /home/kyroh/.config/discord/0.0.51/modules/pending/discord_desktop_core-1.zip: 88%
2024-04-27T01:51:31.799Z [Modules] Streaming discord_desktop_core@1 to /home/kyroh/.config/discord/0.0.51/modules/pending/discord_desktop_core-1.zip: 90%
2024-04-27T01:51:31.803Z [Modules] Streaming discord_desktop_core@1 to /home/kyroh/.config/discord/0.0.51/modules/pending/discord_desktop_core-1.zip: 93%
2024-04-27T01:51:31.812Z [Modules] Streaming discord_desktop_core@1 to /home/kyroh/.config/discord/0.0.51/modules/pending/discord_desktop_core-1.zip: 94%
2024-04-27T01:51:31.818Z [Modules] Streaming discord_desktop_core@1 to /home/kyroh/.config/discord/0.0.51/modules/pending/discord_desktop_core-1.zip: 95%
2024-04-27T01:51:31.823Z [Modules] Streaming discord_desktop_core@1 to /home/kyroh/.config/discord/0.0.51/modules/pending/discord_desktop_core-1.zip: 97%
2024-04-27T01:51:31.825Z [Modules] Streaming discord_desktop_core@1 to /home/kyroh/.config/discord/0.0.51/modules/pending/discord_desktop_core-1.zip: 98%
2024-04-27T01:51:31.830Z [Modules] Streaming discord_desktop_core@1 to /home/kyroh/.config/discord/0.0.51/modules/pending/discord_desktop_core-1.zip: 100%
2024-04-27T01:51:31.832Z [Modules] Fetching discord_erlpack@1 from https://discord.com/api/modules/stable/discord_erlpack/1
2024-04-27T01:51:31.832Z [Modules] Streaming discord_erlpack@1 to /home/kyroh/.config/discord/0.0.51/modules/pending/discord_erlpack-1.zip
2024-04-27T01:51:32.049Z [Modules] Streaming discord_erlpack@1 to /home/kyroh/.config/discord/0.0.51/modules/pending/discord_erlpack-1.zip: 4%
2024-04-27T01:51:32.051Z [Modules] Streaming discord_erlpack@1 to /home/kyroh/.config/discord/0.0.51/modules/pending/discord_erlpack-1.zip: 6%
2024-04-27T01:51:32.053Z [Modules] Streaming discord_erlpack@1 to /home/kyroh/.config/discord/0.0.51/modules/pending/discord_erlpack-1.zip: 8%
2024-04-27T01:51:32.056Z [Modules] Streaming discord_erlpack@1 to /home/kyroh/.config/discord/0.0.51/modules/pending/discord_erlpack-1.zip: 11%
2024-04-27T01:51:32.057Z [Modules] Streaming discord_erlpack@1 to /home/kyroh/.config/discord/0.0.51/modules/pending/discord_erlpack-1.zip: 12%
2024-04-27T01:51:32.059Z [Modules] Streaming discord_erlpack@1 to /home/kyroh/.config/discord/0.0.51/modules/pending/discord_erlpack-1.zip: 14%
2024-04-27T01:51:32.062Z [Modules] Streaming discord_erlpack@1 to /home/kyroh/.config/discord/0.0.51/modules/pending/discord_erlpack-1.zip: 17%
2024-04-27T01:51:32.066Z [Modules] Streaming discord_erlpack@1 to /home/kyroh/.config/discord/0.0.51/modules/pending/discord_erlpack-1.zip: 19%
2024-04-27T01:51:32.069Z [Modules] Streaming discord_erlpack@1 to /home/kyroh/.config/discord/0.0.51/modules/pending/discord_erlpack-1.zip: 23%
2024-04-27T01:51:32.072Z [Modules] Streaming discord_erlpack@1 to /home/kyroh/.config/discord/0.0.51/modules/pending/discord_erlpack-1.zip: 24%
2024-04-27T01:51:32.075Z [Modules] Streaming discord_erlpack@1 to /home/kyroh/.config/discord/0.0.51/modules/pending/discord_erlpack-1.zip: 28%
2024-04-27T01:51:32.079Z [Modules] Streaming discord_erlpack@1 to /home/kyroh/.config/discord/0.0.51/modules/pending/discord_erlpack-1.zip: 29%
2024-04-27T01:51:32.081Z [Modules] Streaming discord_erlpack@1 to /home/kyroh/.config/discord/0.0.51/modules/pending/discord_erlpack-1.zip: 31%
2024-04-27T01:51:32.083Z [Modules] Streaming discord_erlpack@1 to /home/kyroh/.config/discord/0.0.51/modules/pending/discord_erlpack-1.zip: 34%
2024-04-27T01:51:32.085Z [Modules] Streaming discord_erlpack@1 to /home/kyroh/.config/discord/0.0.51/modules/pending/discord_erlpack-1.zip: 35%
2024-04-27T01:51:32.089Z [Modules] Streaming discord_erlpack@1 to /home/kyroh/.config/discord/0.0.51/modules/pending/discord_erlpack-1.zip: 39%
2024-04-27T01:51:32.094Z [Modules] Streaming discord_erlpack@1 to /home/kyroh/.config/discord/0.0.51/modules/pending/discord_erlpack-1.zip: 42%
2024-04-27T01:51:32.094Z [Modules] Streaming discord_erlpack@1 to /home/kyroh/.config/discord/0.0.51/modules/pending/discord_erlpack-1.zip: 43%
2024-04-27T01:51:32.098Z [Modules] Streaming discord_erlpack@1 to /home/kyroh/.config/discord/0.0.51/modules/pending/discord_erlpack-1.zip: 46%
2024-04-27T01:51:32.101Z [Modules] Streaming discord_erlpack@1 to /home/kyroh/.config/discord/0.0.51/modules/pending/discord_erlpack-1.zip: 48%
2024-04-27T01:51:32.103Z [Modules] Streaming discord_erlpack@1 to /home/kyroh/.config/discord/0.0.51/modules/pending/discord_erlpack-1.zip: 50%
2024-04-27T01:51:32.106Z [Modules] Streaming discord_erlpack@1 to /home/kyroh/.config/discord/0.0.51/modules/pending/discord_erlpack-1.zip: 53%
2024-04-27T01:51:32.125Z [Modules] Streaming discord_erlpack@1 to /home/kyroh/.config/discord/0.0.51/modules/pending/discord_erlpack-1.zip: 57%
2024-04-27T01:51:32.126Z [Modules] Streaming discord_erlpack@1 to /home/kyroh/.config/discord/0.0.51/modules/pending/discord_erlpack-1.zip: 59%
2024-04-27T01:51:32.129Z [Modules] Streaming discord_erlpack@1 to /home/kyroh/.config/discord/0.0.51/modules/pending/discord_erlpack-1.zip: 63%
2024-04-27T01:51:32.137Z [Modules] Streaming discord_erlpack@1 to /home/kyroh/.config/discord/0.0.51/modules/pending/discord_erlpack-1.zip: 64%
2024-04-27T01:51:32.141Z [Modules] Streaming discord_erlpack@1 to /home/kyroh/.config/discord/0.0.51/modules/pending/discord_erlpack-1.zip: 65%
2024-04-27T01:51:32.144Z [Modules] Streaming discord_erlpack@1 to /home/kyroh/.config/discord/0.0.51/modules/pending/discord_erlpack-1.zip: 69%
2024-04-27T01:51:32.153Z [Modules] Streaming discord_erlpack@1 to /home/kyroh/.config/discord/0.0.51/modules/pending/discord_erlpack-1.zip: 72%
2024-04-27T01:51:32.155Z [Modules] Streaming discord_erlpack@1 to /home/kyroh/.config/discord/0.0.51/modules/pending/discord_erlpack-1.zip: 75%
2024-04-27T01:51:32.157Z [Modules] Streaming discord_erlpack@1 to /home/kyroh/.config/discord/0.0.51/modules/pending/discord_erlpack-1.zip: 76%
2024-04-27T01:51:32.160Z [Modules] Streaming discord_erlpack@1 to /home/kyroh/.config/discord/0.0.51/modules/pending/discord_erlpack-1.zip: 80%
2024-04-27T01:51:32.176Z [Modules] Streaming discord_erlpack@1 to /home/kyroh/.config/discord/0.0.51/modules/pending/discord_erlpack-1.zip: 81%
2024-04-27T01:51:32.179Z [Modules] Streaming discord_erlpack@1 to /home/kyroh/.config/discord/0.0.51/modules/pending/discord_erlpack-1.zip: 84%
2024-04-27T01:51:32.180Z [Modules] Streaming discord_erlpack@1 to /home/kyroh/.config/discord/0.0.51/modules/pending/discord_erlpack-1.zip: 85%
2024-04-27T01:51:32.182Z [Modules] Streaming discord_erlpack@1 to /home/kyroh/.config/discord/0.0.51/modules/pending/discord_erlpack-1.zip: 87%
2024-04-27T01:51:32.187Z [Modules] Streaming discord_erlpack@1 to /home/kyroh/.config/discord/0.0.51/modules/pending/discord_erlpack-1.zip: 91%
2024-04-27T01:51:32.188Z [Modules] Streaming discord_erlpack@1 to /home/kyroh/.config/discord/0.0.51/modules/pending/discord_erlpack-1.zip: 96%
2024-04-27T01:51:32.191Z [Modules] Streaming discord_erlpack@1 to /home/kyroh/.config/discord/0.0.51/modules/pending/discord_erlpack-1.zip: 99%
2024-04-27T01:51:32.192Z [Modules] Streaming discord_erlpack@1 to /home/kyroh/.config/discord/0.0.51/modules/pending/discord_erlpack-1.zip: 100%
2024-04-27T01:51:32.194Z [Modules] Fetching discord_spellcheck@1 from https://discord.com/api/modules/stable/discord_spellcheck/1
2024-04-27T01:51:32.194Z [Modules] Streaming discord_spellcheck@1 to /home/kyroh/.config/discord/0.0.51/modules/pending/discord_spellcheck-1.zip
2024-04-27T01:51:32.396Z [Modules] Streaming discord_spellcheck@1 to /home/kyroh/.config/discord/0.0.51/modules/pending/discord_spellcheck-1.zip: 1%
2024-04-27T01:51:32.405Z [Modules] Streaming discord_spellcheck@1 to /home/kyroh/.config/discord/0.0.51/modules/pending/discord_spellcheck-1.zip: 2%
2024-04-27T01:51:32.409Z [Modules] Streaming discord_spellcheck@1 to /home/kyroh/.config/discord/0.0.51/modules/pending/discord_spellcheck-1.zip: 3%
2024-04-27T01:51:32.415Z [Modules] Streaming discord_spellcheck@1 to /home/kyroh/.config/discord/0.0.51/modules/pending/discord_spellcheck-1.zip: 4%
2024-04-27T01:51:32.419Z [Modules] Streaming discord_spellcheck@1 to /home/kyroh/.config/discord/0.0.51/modules/pending/discord_spellcheck-1.zip: 5%
2024-04-27T01:51:32.431Z [Modules] Streaming discord_spellcheck@1 to /home/kyroh/.config/discord/0.0.51/modules/pending/discord_spellcheck-1.zip: 6%
2024-04-27T01:51:32.435Z [Modules] Streaming discord_spellcheck@1 to /home/kyroh/.config/discord/0.0.51/modules/pending/discord_spellcheck-1.zip: 7%
2024-04-27T01:51:32.441Z [Modules] Streaming discord_spellcheck@1 to /home/kyroh/.config/discord/0.0.51/modules/pending/discord_spellcheck-1.zip: 8%
2024-04-27T01:51:32.453Z [Modules] Streaming discord_spellcheck@1 to /home/kyroh/.config/discord/0.0.51/modules/pending/discord_spellcheck-1.zip: 9%
2024-04-27T01:51:32.460Z [Modules] Streaming discord_spellcheck@1 to /home/kyroh/.config/discord/0.0.51/modules/pending/discord_spellcheck-1.zip: 10%
2024-04-27T01:51:32.471Z [Modules] Streaming discord_spellcheck@1 to /home/kyroh/.config/discord/0.0.51/modules/pending/discord_spellcheck-1.zip: 11%
2024-04-27T01:51:32.471Z [Modules] Streaming discord_spellcheck@1 to /home/kyroh/.config/discord/0.0.51/modules/pending/discord_spellcheck-1.zip: 12%
2024-04-27T01:51:32.478Z [Modules] Streaming discord_spellcheck@1 to /home/kyroh/.config/discord/0.0.51/modules/pending/discord_spellcheck-1.zip: 13%
2024-04-27T01:51:32.486Z [Modules] Streaming discord_spellcheck@1 to /home/kyroh/.config/discord/0.0.51/modules/pending/discord_spellcheck-1.zip: 14%
2024-04-27T01:51:32.491Z [Modules] Streaming discord_spellcheck@1 to /home/kyroh/.config/discord/0.0.51/modules/pending/discord_spellcheck-1.zip: 15%
2024-04-27T01:51:32.495Z [Modules] Streaming discord_spellcheck@1 to /home/kyroh/.config/discord/0.0.51/modules/pending/discord_spellcheck-1.zip: 16%
2024-04-27T01:51:32.506Z [Modules] Streaming discord_spellcheck@1 to /home/kyroh/.config/discord/0.0.51/modules/pending/discord_spellcheck-1.zip: 17%
2024-04-27T01:51:32.513Z [Modules] Streaming discord_spellcheck@1 to /home/kyroh/.config/discord/0.0.51/modules/pending/discord_spellcheck-1.zip: 18%
2024-04-27T01:51:32.537Z [Modules] Streaming discord_spellcheck@1 to /home/kyroh/.config/discord/0.0.51/modules/pending/discord_spellcheck-1.zip: 19%
2024-04-27T01:51:32.544Z [Modules] Streaming discord_spellcheck@1 to /home/kyroh/.config/discord/0.0.51/modules/pending/discord_spellcheck-1.zip: 20%
2024-04-27T01:51:32.547Z [Modules] Streaming discord_spellcheck@1 to /home/kyroh/.config/discord/0.0.51/modules/pending/discord_spellcheck-1.zip: 21%
2024-04-27T01:51:32.555Z [Modules] Streaming discord_spellcheck@1 to /home/kyroh/.config/discord/0.0.51/modules/pending/discord_spellcheck-1.zip: 22%
2024-04-27T01:51:32.570Z [Modules] Streaming discord_spellcheck@1 to /home/kyroh/.config/discord/0.0.51/modules/pending/discord_spellcheck-1.zip: 23%
2024-04-27T01:51:32.574Z [Modules] Streaming discord_spellcheck@1 to /home/kyroh/.config/discord/0.0.51/modules/pending/discord_spellcheck-1.zip: 24%
2024-04-27T01:51:32.578Z [Modules] Streaming discord_spellcheck@1 to /home/kyroh/.config/discord/0.0.51/modules/pending/discord_spellcheck-1.zip: 25%
2024-04-27T01:51:32.583Z [Modules] Streaming discord_spellcheck@1 to /home/kyroh/.config/discord/0.0.51/modules/pending/discord_spellcheck-1.zip: 26%
2024-04-27T01:51:32.589Z [Modules] Streaming discord_spellcheck@1 to /home/kyroh/.config/discord/0.0.51/modules/pending/discord_spellcheck-1.zip: 27%
2024-04-27T01:51:32.595Z [Modules] Streaming discord_spellcheck@1 to /home/kyroh/.config/discord/0.0.51/modules/pending/discord_spellcheck-1.zip: 28%
2024-04-27T01:51:32.602Z [Modules] Streaming discord_spellcheck@1 to /home/kyroh/.config/discord/0.0.51/modules/pending/discord_spellcheck-1.zip: 29%
2024-04-27T01:51:32.608Z [Modules] Streaming discord_spellcheck@1 to /home/kyroh/.config/discord/0.0.51/modules/pending/discord_spellcheck-1.zip: 30%
2024-04-27T01:51:32.615Z [Modules] Streaming discord_spellcheck@1 to /home/kyroh/.config/discord/0.0.51/modules/pending/discord_spellcheck-1.zip: 31%
2024-04-27T01:51:32.618Z [Modules] Streaming discord_spellcheck@1 to /home/kyroh/.config/discord/0.0.51/modules/pending/discord_spellcheck-1.zip: 32%
2024-04-27T01:51:32.631Z [Modules] Streaming discord_spellcheck@1 to /home/kyroh/.config/discord/0.0.51/modules/pending/discord_spellcheck-1.zip: 33%
2024-04-27T01:51:32.641Z [Modules] Streaming discord_spellcheck@1 to /home/kyroh/.config/discord/0.0.51/modules/pending/discord_spellcheck-1.zip: 34%
2024-04-27T01:51:32.653Z [Modules] Streaming discord_spellcheck@1 to /home/kyroh/.config/discord/0.0.51/modules/pending/discord_spellcheck-1.zip: 35%
2024-04-27T01:51:32.664Z [Modules] Streaming discord_spellcheck@1 to /home/kyroh/.config/discord/0.0.51/modules/pending/discord_spellcheck-1.zip: 36%
2024-04-27T01:51:32.679Z [Modules] Streaming discord_spellcheck@1 to /home/kyroh/.config/discord/0.0.51/modules/pending/discord_spellcheck-1.zip: 37%
2024-04-27T01:51:32.690Z [Modules] Streaming discord_spellcheck@1 to /home/kyroh/.config/discord/0.0.51/modules/pending/discord_spellcheck-1.zip: 38%
2024-04-27T01:51:32.696Z [Modules] Streaming discord_spellcheck@1 to /home/kyroh/.config/discord/0.0.51/modules/pending/discord_spellcheck-1.zip: 39%
2024-04-27T01:51:32.700Z [Modules] Streaming discord_spellcheck@1 to /home/kyroh/.config/discord/0.0.51/modules/pending/discord_spellcheck-1.zip: 40%
2024-04-27T01:51:32.707Z [Modules] Streaming discord_spellcheck@1 to /home/kyroh/.config/discord/0.0.51/modules/pending/discord_spellcheck-1.zip: 41%
2024-04-27T01:51:32.714Z [Modules] Streaming discord_spellcheck@1 to /home/kyroh/.config/discord/0.0.51/modules/pending/discord_spellcheck-1.zip: 42%
2024-04-27T01:51:32.724Z [Modules] Streaming discord_spellcheck@1 to /home/kyroh/.config/discord/0.0.51/modules/pending/discord_spellcheck-1.zip: 43%
2024-04-27T01:51:32.728Z [Modules] Streaming discord_spellcheck@1 to /home/kyroh/.config/discord/0.0.51/modules/pending/discord_spellcheck-1.zip: 44%
2024-04-27T01:51:32.736Z [Modules] Streaming discord_spellcheck@1 to /home/kyroh/.config/discord/0.0.51/modules/pending/discord_spellcheck-1.zip: 45%
2024-04-27T01:51:32.736Z [Modules] Streaming discord_spellcheck@1 to /home/kyroh/.config/discord/0.0.51/modules/pending/discord_spellcheck-1.zip: 46%
2024-04-27T01:51:32.742Z [Modules] Streaming discord_spellcheck@1 to /home/kyroh/.config/discord/0.0.51/modules/pending/discord_spellcheck-1.zip: 47%
2024-04-27T01:51:32.748Z [Modules] Streaming discord_spellcheck@1 to /home/kyroh/.config/discord/0.0.51/modules/pending/discord_spellcheck-1.zip: 48%
2024-04-27T01:51:32.749Z [Modules] Streaming discord_spellcheck@1 to /home/kyroh/.config/discord/0.0.51/modules/pending/discord_spellcheck-1.zip: 49%
2024-04-27T01:51:32.771Z [Modules] Streaming discord_spellcheck@1 to /home/kyroh/.config/discord/0.0.51/modules/pending/discord_spellcheck-1.zip: 50%
2024-04-27T01:51:32.774Z [Modules] Streaming discord_spellcheck@1 to /home/kyroh/.config/discord/0.0.51/modules/pending/discord_spellcheck-1.zip: 51%
2024-04-27T01:51:32.782Z [Modules] Streaming discord_spellcheck@1 to /home/kyroh/.config/discord/0.0.51/modules/pending/discord_spellcheck-1.zip: 52%
2024-04-27T01:51:32.785Z [Modules] Streaming discord_spellcheck@1 to /home/kyroh/.config/discord/0.0.51/modules/pending/discord_spellcheck-1.zip: 53%
2024-04-27T01:51:32.794Z [Modules] Streaming discord_spellcheck@1 to /home/kyroh/.config/discord/0.0.51/modules/pending/discord_spellcheck-1.zip: 54%
2024-04-27T01:51:32.809Z [Modules] Streaming discord_spellcheck@1 to /home/kyroh/.config/discord/0.0.51/modules/pending/discord_spellcheck-1.zip: 55%
2024-04-27T01:51:32.817Z [Modules] Streaming discord_spellcheck@1 to /home/kyroh/.config/discord/0.0.51/modules/pending/discord_spellcheck-1.zip: 56%
2024-04-27T01:51:32.826Z [Modules] Streaming discord_spellcheck@1 to /home/kyroh/.config/discord/0.0.51/modules/pending/discord_spellcheck-1.zip: 57%
2024-04-27T01:51:32.838Z [Modules] Streaming discord_spellcheck@1 to /home/kyroh/.config/discord/0.0.51/modules/pending/discord_spellcheck-1.zip: 58%
2024-04-27T01:51:32.844Z [Modules] Streaming discord_spellcheck@1 to /home/kyroh/.config/discord/0.0.51/modules/pending/discord_spellcheck-1.zip: 59%
2024-04-27T01:51:32.844Z [Modules] Streaming discord_spellcheck@1 to /home/kyroh/.config/discord/0.0.51/modules/pending/discord_spellcheck-1.zip: 60%
2024-04-27T01:51:32.850Z [Modules] Streaming discord_spellcheck@1 to /home/kyroh/.config/discord/0.0.51/modules/pending/discord_spellcheck-1.zip: 61%
2024-04-27T01:51:32.853Z [Modules] Streaming discord_spellcheck@1 to /home/kyroh/.config/discord/0.0.51/modules/pending/discord_spellcheck-1.zip: 62%
2024-04-27T01:51:32.879Z [Modules] Streaming discord_spellcheck@1 to /home/kyroh/.config/discord/0.0.51/modules/pending/discord_spellcheck-1.zip: 63%
2024-04-27T01:51:32.888Z [Modules] Streaming discord_spellcheck@1 to /home/kyroh/.config/discord/0.0.51/modules/pending/discord_spellcheck-1.zip: 64%
2024-04-27T01:51:32.892Z [Modules] Streaming discord_spellcheck@1 to /home/kyroh/.config/discord/0.0.51/modules/pending/discord_spellcheck-1.zip: 65%
2024-04-27T01:51:32.897Z [Modules] Streaming discord_spellcheck@1 to /home/kyroh/.config/discord/0.0.51/modules/pending/discord_spellcheck-1.zip: 66%
2024-04-27T01:51:32.908Z [Modules] Streaming discord_spellcheck@1 to /home/kyroh/.config/discord/0.0.51/modules/pending/discord_spellcheck-1.zip: 67%
2024-04-27T01:51:32.914Z [Modules] Streaming discord_spellcheck@1 to /home/kyroh/.config/discord/0.0.51/modules/pending/discord_spellcheck-1.zip: 68%
2024-04-27T01:51:32.923Z [Modules] Streaming discord_spellcheck@1 to /home/kyroh/.config/discord/0.0.51/modules/pending/discord_spellcheck-1.zip: 69%
2024-04-27T01:51:32.936Z [Modules] Streaming discord_spellcheck@1 to /home/kyroh/.config/discord/0.0.51/modules/pending/discord_spellcheck-1.zip: 70%
2024-04-27T01:51:32.936Z [Modules] Streaming discord_spellcheck@1 to /home/kyroh/.config/discord/0.0.51/modules/pending/discord_spellcheck-1.zip: 71%
2024-04-27T01:51:32.947Z [Modules] Streaming discord_spellcheck@1 to /home/kyroh/.config/discord/0.0.51/modules/pending/discord_spellcheck-1.zip: 72%
2024-04-27T01:51:32.952Z [Modules] Streaming discord_spellcheck@1 to /home/kyroh/.config/discord/0.0.51/modules/pending/discord_spellcheck-1.zip: 73%
2024-04-27T01:51:32.958Z [Modules] Streaming discord_spellcheck@1 to /home/kyroh/.config/discord/0.0.51/modules/pending/discord_spellcheck-1.zip: 74%
2024-04-27T01:51:32.965Z [Modules] Streaming discord_spellcheck@1 to /home/kyroh/.config/discord/0.0.51/modules/pending/discord_spellcheck-1.zip: 75%
2024-04-27T01:51:32.976Z [Modules] Streaming discord_spellcheck@1 to /home/kyroh/.config/discord/0.0.51/modules/pending/discord_spellcheck-1.zip: 76%
2024-04-27T01:51:32.980Z [Modules] Streaming discord_spellcheck@1 to /home/kyroh/.config/discord/0.0.51/modules/pending/discord_spellcheck-1.zip: 77%
2024-04-27T01:51:32.987Z [Modules] Streaming discord_spellcheck@1 to /home/kyroh/.config/discord/0.0.51/modules/pending/discord_spellcheck-1.zip: 78%
2024-04-27T01:51:32.999Z [Modules] Streaming discord_spellcheck@1 to /home/kyroh/.config/discord/0.0.51/modules/pending/discord_spellcheck-1.zip: 79%
2024-04-27T01:51:33.003Z [Modules] Streaming discord_spellcheck@1 to /home/kyroh/.config/discord/0.0.51/modules/pending/discord_spellcheck-1.zip: 80%
2024-04-27T01:51:33.009Z [Modules] Streaming discord_spellcheck@1 to /home/kyroh/.config/discord/0.0.51/modules/pending/discord_spellcheck-1.zip: 81%
2024-04-27T01:51:33.015Z [Modules] Streaming discord_spellcheck@1 to /home/kyroh/.config/discord/0.0.51/modules/pending/discord_spellcheck-1.zip: 82%
2024-04-27T01:51:33.022Z [Modules] Streaming discord_spellcheck@1 to /home/kyroh/.config/discord/0.0.51/modules/pending/discord_spellcheck-1.zip: 83%
2024-04-27T01:51:33.028Z [Modules] Streaming discord_spellcheck@1 to /home/kyroh/.config/discord/0.0.51/modules/pending/discord_spellcheck-1.zip: 84%
2024-04-27T01:51:33.031Z [Modules] Streaming discord_spellcheck@1 to /home/kyroh/.config/discord/0.0.51/modules/pending/discord_spellcheck-1.zip: 85%
2024-04-27T01:51:33.043Z [Modules] Streaming discord_spellcheck@1 to /home/kyroh/.config/discord/0.0.51/modules/pending/discord_spellcheck-1.zip: 86%
2024-04-27T01:51:33.052Z [Modules] Streaming discord_spellcheck@1 to /home/kyroh/.config/discord/0.0.51/modules/pending/discord_spellcheck-1.zip: 87%
2024-04-27T01:51:33.061Z [Modules] Streaming discord_spellcheck@1 to /home/kyroh/.config/discord/0.0.51/modules/pending/discord_spellcheck-1.zip: 88%
2024-04-27T01:51:33.071Z [Modules] Streaming discord_spellcheck@1 to /home/kyroh/.config/discord/0.0.51/modules/pending/discord_spellcheck-1.zip: 89%
2024-04-27T01:51:33.076Z [Modules] Streaming discord_spellcheck@1 to /home/kyroh/.config/discord/0.0.51/modules/pending/discord_spellcheck-1.zip: 90%
2024-04-27T01:51:33.087Z [Modules] Streaming discord_spellcheck@1 to /home/kyroh/.config/discord/0.0.51/modules/pending/discord_spellcheck-1.zip: 91%
2024-04-27T01:51:33.095Z [Modules] Streaming discord_spellcheck@1 to /home/kyroh/.config/discord/0.0.51/modules/pending/discord_spellcheck-1.zip: 92%
2024-04-27T01:51:33.104Z [Modules] Streaming discord_spellcheck@1 to /home/kyroh/.config/discord/0.0.51/modules/pending/discord_spellcheck-1.zip: 93%
2024-04-27T01:51:33.109Z [Modules] Streaming discord_spellcheck@1 to /home/kyroh/.config/discord/0.0.51/modules/pending/discord_spellcheck-1.zip: 94%
2024-04-27T01:51:33.119Z [Modules] Streaming discord_spellcheck@1 to /home/kyroh/.config/discord/0.0.51/modules/pending/discord_spellcheck-1.zip: 95%
2024-04-27T01:51:33.122Z [Modules] Streaming discord_spellcheck@1 to /home/kyroh/.config/discord/0.0.51/modules/pending/discord_spellcheck-1.zip: 96%
2024-04-27T01:51:33.136Z [Modules] Streaming discord_spellcheck@1 to /home/kyroh/.config/discord/0.0.51/modules/pending/discord_spellcheck-1.zip: 97%
2024-04-27T01:51:33.141Z [Modules] Streaming discord_spellcheck@1 to /home/kyroh/.config/discord/0.0.51/modules/pending/discord_spellcheck-1.zip: 98%
2024-04-27T01:51:33.151Z [Modules] Streaming discord_spellcheck@1 to /home/kyroh/.config/discord/0.0.51/modules/pending/discord_spellcheck-1.zip: 99%
2024-04-27T01:51:33.154Z [Modules] Streaming discord_spellcheck@1 to /home/kyroh/.config/discord/0.0.51/modules/pending/discord_spellcheck-1.zip: 100%
2024-04-27T01:51:33.156Z [Modules] Fetching discord_utils@1 from https://discord.com/api/modules/stable/discord_utils/1
2024-04-27T01:51:33.156Z [Modules] Streaming discord_utils@1 to /home/kyroh/.config/discord/0.0.51/modules/pending/discord_utils-1.zip
2024-04-27T01:51:33.394Z [Modules] Streaming discord_utils@1 to /home/kyroh/.config/discord/0.0.51/modules/pending/discord_utils-1.zip: 2%
2024-04-27T01:51:33.394Z [Modules] Streaming discord_utils@1 to /home/kyroh/.config/discord/0.0.51/modules/pending/discord_utils-1.zip: 4%
2024-04-27T01:51:33.401Z [Modules] Streaming discord_utils@1 to /home/kyroh/.config/discord/0.0.51/modules/pending/discord_utils-1.zip: 5%
2024-04-27T01:51:33.404Z [Modules] Streaming discord_utils@1 to /home/kyroh/.config/discord/0.0.51/modules/pending/discord_utils-1.zip: 7%
2024-04-27T01:51:33.406Z [Modules] Streaming discord_utils@1 to /home/kyroh/.config/discord/0.0.51/modules/pending/discord_utils-1.zip: 8%
2024-04-27T01:51:33.410Z [Modules] Streaming discord_utils@1 to /home/kyroh/.config/discord/0.0.51/modules/pending/discord_utils-1.zip: 10%
2024-04-27T01:51:33.413Z [Modules] Streaming discord_utils@1 to /home/kyroh/.config/discord/0.0.51/modules/pending/discord_utils-1.zip: 11%
2024-04-27T01:51:33.417Z [Modules] Streaming discord_utils@1 to /home/kyroh/.config/discord/0.0.51/modules/pending/discord_utils-1.zip: 13%
2024-04-27T01:51:33.420Z [Modules] Streaming discord_utils@1 to /home/kyroh/.config/discord/0.0.51/modules/pending/discord_utils-1.zip: 15%
2024-04-27T01:51:33.421Z [Modules] Streaming discord_utils@1 to /home/kyroh/.config/discord/0.0.51/modules/pending/discord_utils-1.zip: 16%
2024-04-27T01:51:33.427Z [Modules] Streaming discord_utils@1 to /home/kyroh/.config/discord/0.0.51/modules/pending/discord_utils-1.zip: 19%
2024-04-27T01:51:33.430Z [Modules] Streaming discord_utils@1 to /home/kyroh/.config/discord/0.0.51/modules/pending/discord_utils-1.zip: 20%
2024-04-27T01:51:33.433Z [Modules] Streaming discord_utils@1 to /home/kyroh/.config/discord/0.0.51/modules/pending/discord_utils-1.zip: 22%
2024-04-27T01:51:33.437Z [Modules] Streaming discord_utils@1 to /home/kyroh/.config/discord/0.0.51/modules/pending/discord_utils-1.zip: 23%
2024-04-27T01:51:33.440Z [Modules] Streaming discord_utils@1 to /home/kyroh/.config/discord/0.0.51/modules/pending/discord_utils-1.zip: 26%
2024-04-27T01:51:33.442Z [Modules] Streaming discord_utils@1 to /home/kyroh/.config/discord/0.0.51/modules/pending/discord_utils-1.zip: 27%
2024-04-27T01:51:33.459Z [Modules] Streaming discord_utils@1 to /home/kyroh/.config/discord/0.0.51/modules/pending/discord_utils-1.zip: 28%
2024-04-27T01:51:33.462Z [Modules] Streaming discord_utils@1 to /home/kyroh/.config/discord/0.0.51/modules/pending/discord_utils-1.zip: 30%
2024-04-27T01:51:33.463Z [Modules] Streaming discord_utils@1 to /home/kyroh/.config/discord/0.0.51/modules/pending/discord_utils-1.zip: 31%
2024-04-27T01:51:33.468Z [Modules] Streaming discord_utils@1 to /home/kyroh/.config/discord/0.0.51/modules/pending/discord_utils-1.zip: 33%
2024-04-27T01:51:33.469Z [Modules] Streaming discord_utils@1 to /home/kyroh/.config/discord/0.0.51/modules/pending/discord_utils-1.zip: 34%
2024-04-27T01:51:33.471Z [Modules] Streaming discord_utils@1 to /home/kyroh/.config/discord/0.0.51/modules/pending/discord_utils-1.zip: 35%
2024-04-27T01:51:33.474Z [Modules] Streaming discord_utils@1 to /home/kyroh/.config/discord/0.0.51/modules/pending/discord_utils-1.zip: 38%
2024-04-27T01:51:33.477Z [Modules] Streaming discord_utils@1 to /home/kyroh/.config/discord/0.0.51/modules/pending/discord_utils-1.zip: 40%
2024-04-27T01:51:33.481Z [Modules] Streaming discord_utils@1 to /home/kyroh/.config/discord/0.0.51/modules/pending/discord_utils-1.zip: 42%
2024-04-27T01:51:33.483Z [Modules] Streaming discord_utils@1 to /home/kyroh/.config/discord/0.0.51/modules/pending/discord_utils-1.zip: 43%
2024-04-27T01:51:33.485Z [Modules] Streaming discord_utils@1 to /home/kyroh/.config/discord/0.0.51/modules/pending/discord_utils-1.zip: 45%
2024-04-27T01:51:33.488Z [Modules] Streaming discord_utils@1 to /home/kyroh/.config/discord/0.0.51/modules/pending/discord_utils-1.zip: 46%
2024-04-27T01:51:33.491Z [Modules] Streaming discord_utils@1 to /home/kyroh/.config/discord/0.0.51/modules/pending/discord_utils-1.zip: 48%
2024-04-27T01:51:33.494Z [Modules] Streaming discord_utils@1 to /home/kyroh/.config/discord/0.0.51/modules/pending/discord_utils-1.zip: 50%
2024-04-27T01:51:33.497Z [Modules] Streaming discord_utils@1 to /home/kyroh/.config/discord/0.0.51/modules/pending/discord_utils-1.zip: 52%
2024-04-27T01:51:33.498Z [Modules] Streaming discord_utils@1 to /home/kyroh/.config/discord/0.0.51/modules/pending/discord_utils-1.zip: 53%
2024-04-27T01:51:33.504Z [Modules] Streaming discord_utils@1 to /home/kyroh/.config/discord/0.0.51/modules/pending/discord_utils-1.zip: 55%
2024-04-27T01:51:33.505Z [Modules] Streaming discord_utils@1 to /home/kyroh/.config/discord/0.0.51/modules/pending/discord_utils-1.zip: 56%
2024-04-27T01:51:33.507Z [Modules] Streaming discord_utils@1 to /home/kyroh/.config/discord/0.0.51/modules/pending/discord_utils-1.zip: 57%
2024-04-27T01:51:33.510Z [Modules] Streaming discord_utils@1 to /home/kyroh/.config/discord/0.0.51/modules/pending/discord_utils-1.zip: 59%
2024-04-27T01:51:33.517Z [Modules] Streaming discord_utils@1 to /home/kyroh/.config/discord/0.0.51/modules/pending/discord_utils-1.zip: 60%
2024-04-27T01:51:33.519Z [Modules] Streaming discord_utils@1 to /home/kyroh/.config/discord/0.0.51/modules/pending/discord_utils-1.zip: 61%
2024-04-27T01:51:33.522Z [Modules] Streaming discord_utils@1 to /home/kyroh/.config/discord/0.0.51/modules/pending/discord_utils-1.zip: 62%
2024-04-27T01:51:33.526Z [Modules] Streaming discord_utils@1 to /home/kyroh/.config/discord/0.0.51/modules/pending/discord_utils-1.zip: 63%
2024-04-27T01:51:33.529Z [Modules] Streaming discord_utils@1 to /home/kyroh/.config/discord/0.0.51/modules/pending/discord_utils-1.zip: 64%
2024-04-27T01:51:33.532Z [Modules] Streaming discord_utils@1 to /home/kyroh/.config/discord/0.0.51/modules/pending/discord_utils-1.zip: 66%
2024-04-27T01:51:33.537Z [Modules] Streaming discord_utils@1 to /home/kyroh/.config/discord/0.0.51/modules/pending/discord_utils-1.zip: 67%
2024-04-27T01:51:33.542Z [Modules] Streaming discord_utils@1 to /home/kyroh/.config/discord/0.0.51/modules/pending/discord_utils-1.zip: 68%
2024-04-27T01:51:33.544Z [Modules] Streaming discord_utils@1 to /home/kyroh/.config/discord/0.0.51/modules/pending/discord_utils-1.zip: 69%
2024-04-27T01:51:33.545Z [Modules] Streaming discord_utils@1 to /home/kyroh/.config/discord/0.0.51/modules/pending/discord_utils-1.zip: 71%
2024-04-27T01:51:33.551Z [Modules] Streaming discord_utils@1 to /home/kyroh/.config/discord/0.0.51/modules/pending/discord_utils-1.zip: 72%
2024-04-27T01:51:33.554Z [Modules] Streaming discord_utils@1 to /home/kyroh/.config/discord/0.0.51/modules/pending/discord_utils-1.zip: 74%
2024-04-27T01:51:33.555Z [Modules] Streaming discord_utils@1 to /home/kyroh/.config/discord/0.0.51/modules/pending/discord_utils-1.zip: 76%
2024-04-27T01:51:33.561Z [Modules] Streaming discord_utils@1 to /home/kyroh/.config/discord/0.0.51/modules/pending/discord_utils-1.zip: 78%
2024-04-27T01:51:33.566Z [Modules] Streaming discord_utils@1 to /home/kyroh/.config/discord/0.0.51/modules/pending/discord_utils-1.zip: 80%
2024-04-27T01:51:33.572Z [Modules] Streaming discord_utils@1 to /home/kyroh/.config/discord/0.0.51/modules/pending/discord_utils-1.zip: 82%
2024-04-27T01:51:33.574Z [Modules] Streaming discord_utils@1 to /home/kyroh/.config/discord/0.0.51/modules/pending/discord_utils-1.zip: 84%
2024-04-27T01:51:33.593Z [Modules] Streaming discord_utils@1 to /home/kyroh/.config/discord/0.0.51/modules/pending/discord_utils-1.zip: 86%
2024-04-27T01:51:33.596Z [Modules] Streaming discord_utils@1 to /home/kyroh/.config/discord/0.0.51/modules/pending/discord_utils-1.zip: 87%
2024-04-27T01:51:33.599Z [Modules] Streaming discord_utils@1 to /home/kyroh/.config/discord/0.0.51/modules/pending/discord_utils-1.zip: 89%
2024-04-27T01:51:33.599Z [Modules] Streaming discord_utils@1 to /home/kyroh/.config/discord/0.0.51/modules/pending/discord_utils-1.zip: 90%
2024-04-27T01:51:33.603Z [Modules] Streaming discord_utils@1 to /home/kyroh/.config/discord/0.0.51/modules/pending/discord_utils-1.zip: 92%
2024-04-27T01:51:33.606Z [Modules] Streaming discord_utils@1 to /home/kyroh/.config/discord/0.0.51/modules/pending/discord_utils-1.zip: 93%
2024-04-27T01:51:33.609Z [Modules] Streaming discord_utils@1 to /home/kyroh/.config/discord/0.0.51/modules/pending/discord_utils-1.zip: 94%
2024-04-27T01:51:33.612Z [Modules] Streaming discord_utils@1 to /home/kyroh/.config/discord/0.0.51/modules/pending/discord_utils-1.zip: 96%
2024-04-27T01:51:33.613Z [Modules] Streaming discord_utils@1 to /home/kyroh/.config/discord/0.0.51/modules/pending/discord_utils-1.zip: 98%
2024-04-27T01:51:33.619Z [Modules] Streaming discord_utils@1 to /home/kyroh/.config/discord/0.0.51/modules/pending/discord_utils-1.zip: 100%
2024-04-27T01:51:33.620Z [Modules] Fetching discord_voice@1 from https://discord.com/api/modules/stable/discord_voice/1
2024-04-27T01:51:33.620Z [Modules] Streaming discord_voice@1 to /home/kyroh/.config/discord/0.0.51/modules/pending/discord_voice-1.zip
2024-04-27T01:51:33.828Z [Modules] Streaming discord_voice@1 to /home/kyroh/.config/discord/0.0.51/modules/pending/discord_voice-1.zip: 1%
2024-04-27T01:51:33.841Z [Modules] Streaming discord_voice@1 to /home/kyroh/.config/discord/0.0.51/modules/pending/discord_voice-1.zip: 2%
2024-04-27T01:51:33.851Z [Modules] Streaming discord_voice@1 to /home/kyroh/.config/discord/0.0.51/modules/pending/discord_voice-1.zip: 3%
2024-04-27T01:51:33.868Z [Modules] Streaming discord_voice@1 to /home/kyroh/.config/discord/0.0.51/modules/pending/discord_voice-1.zip: 4%
2024-04-27T01:51:33.881Z [Modules] Streaming discord_voice@1 to /home/kyroh/.config/discord/0.0.51/modules/pending/discord_voice-1.zip: 5%
2024-04-27T01:51:33.893Z [Modules] Streaming discord_voice@1 to /home/kyroh/.config/discord/0.0.51/modules/pending/discord_voice-1.zip: 6%
2024-04-27T01:51:33.905Z [Modules] Streaming discord_voice@1 to /home/kyroh/.config/discord/0.0.51/modules/pending/discord_voice-1.zip: 7%
2024-04-27T01:51:33.947Z [Modules] Streaming discord_voice@1 to /home/kyroh/.config/discord/0.0.51/modules/pending/discord_voice-1.zip: 8%
2024-04-27T01:51:33.967Z [Modules] Streaming discord_voice@1 to /home/kyroh/.config/discord/0.0.51/modules/pending/discord_voice-1.zip: 9%
2024-04-27T01:51:33.979Z [Modules] Streaming discord_voice@1 to /home/kyroh/.config/discord/0.0.51/modules/pending/discord_voice-1.zip: 10%
2024-04-27T01:51:33.996Z [Modules] Streaming discord_voice@1 to /home/kyroh/.config/discord/0.0.51/modules/pending/discord_voice-1.zip: 11%
2024-04-27T01:51:34.004Z [Modules] Streaming discord_voice@1 to /home/kyroh/.config/discord/0.0.51/modules/pending/discord_voice-1.zip: 12%
2024-04-27T01:51:34.024Z [Modules] Streaming discord_voice@1 to /home/kyroh/.config/discord/0.0.51/modules/pending/discord_voice-1.zip: 13%
2024-04-27T01:51:34.035Z [Modules] Streaming discord_voice@1 to /home/kyroh/.config/discord/0.0.51/modules/pending/discord_voice-1.zip: 14%
2024-04-27T01:51:34.062Z [Modules] Streaming discord_voice@1 to /home/kyroh/.config/discord/0.0.51/modules/pending/discord_voice-1.zip: 15%
2024-04-27T01:51:34.087Z [Modules] Streaming discord_voice@1 to /home/kyroh/.config/discord/0.0.51/modules/pending/discord_voice-1.zip: 16%
2024-04-27T01:51:34.109Z [Modules] Streaming discord_voice@1 to /home/kyroh/.config/discord/0.0.51/modules/pending/discord_voice-1.zip: 17%
2024-04-27T01:51:34.119Z [Modules] Streaming discord_voice@1 to /home/kyroh/.config/discord/0.0.51/modules/pending/discord_voice-1.zip: 18%
2024-04-27T01:51:34.132Z [Modules] Streaming discord_voice@1 to /home/kyroh/.config/discord/0.0.51/modules/pending/discord_voice-1.zip: 19%
2024-04-27T01:51:34.138Z [Modules] Streaming discord_voice@1 to /home/kyroh/.config/discord/0.0.51/modules/pending/discord_voice-1.zip: 20%
2024-04-27T01:51:34.169Z [Modules] Streaming discord_voice@1 to /home/kyroh/.config/discord/0.0.51/modules/pending/discord_voice-1.zip: 21%
2024-04-27T01:51:34.183Z [Modules] Streaming discord_voice@1 to /home/kyroh/.config/discord/0.0.51/modules/pending/discord_voice-1.zip: 22%
2024-04-27T01:51:34.220Z [Modules] Streaming discord_voice@1 to /home/kyroh/.config/discord/0.0.51/modules/pending/discord_voice-1.zip: 23%
2024-04-27T01:51:34.231Z [Modules] Streaming discord_voice@1 to /home/kyroh/.config/discord/0.0.51/modules/pending/discord_voice-1.zip: 24%
2024-04-27T01:51:34.242Z [Modules] Streaming discord_voice@1 to /home/kyroh/.config/discord/0.0.51/modules/pending/discord_voice-1.zip: 25%
2024-04-27T01:51:34.258Z [Modules] Streaming discord_voice@1 to /home/kyroh/.config/discord/0.0.51/modules/pending/discord_voice-1.zip: 26%
2024-04-27T01:51:34.271Z [Modules] Streaming discord_voice@1 to /home/kyroh/.config/discord/0.0.51/modules/pending/discord_voice-1.zip: 27%
2024-04-27T01:51:34.290Z [Modules] Streaming discord_voice@1 to /home/kyroh/.config/discord/0.0.51/modules/pending/discord_voice-1.zip: 28%
2024-04-27T01:51:34.301Z [Modules] Streaming discord_voice@1 to /home/kyroh/.config/discord/0.0.51/modules/pending/discord_voice-1.zip: 29%
2024-04-27T01:51:34.319Z [Modules] Streaming discord_voice@1 to /home/kyroh/.config/discord/0.0.51/modules/pending/discord_voice-1.zip: 30%
2024-04-27T01:51:34.353Z [Modules] Streaming discord_voice@1 to /home/kyroh/.config/discord/0.0.51/modules/pending/discord_voice-1.zip: 31%
2024-04-27T01:51:34.370Z [Modules] Streaming discord_voice@1 to /home/kyroh/.config/discord/0.0.51/modules/pending/discord_voice-1.zip: 32%
2024-04-27T01:51:34.383Z [Modules] Streaming discord_voice@1 to /home/kyroh/.config/discord/0.0.51/modules/pending/discord_voice-1.zip: 33%
2024-04-27T01:51:34.389Z [Modules] Streaming discord_voice@1 to /home/kyroh/.config/discord/0.0.51/modules/pending/discord_voice-1.zip: 34%
2024-04-27T01:51:34.405Z [Modules] Streaming discord_voice@1 to /home/kyroh/.config/discord/0.0.51/modules/pending/discord_voice-1.zip: 35%
2024-04-27T01:51:34.431Z [Modules] Streaming discord_voice@1 to /home/kyroh/.config/discord/0.0.51/modules/pending/discord_voice-1.zip: 36%
2024-04-27T01:51:34.455Z [Modules] Streaming discord_voice@1 to /home/kyroh/.config/discord/0.0.51/modules/pending/discord_voice-1.zip: 37%
2024-04-27T01:51:34.476Z [Modules] Streaming discord_voice@1 to /home/kyroh/.config/discord/0.0.51/modules/pending/discord_voice-1.zip: 38%
2024-04-27T01:51:34.494Z [Modules] Streaming discord_voice@1 to /home/kyroh/.config/discord/0.0.51/modules/pending/discord_voice-1.zip: 39%
2024-04-27T01:51:34.507Z [Modules] Streaming discord_voice@1 to /home/kyroh/.config/discord/0.0.51/modules/pending/discord_voice-1.zip: 40%
2024-04-27T01:51:34.514Z [Modules] Streaming discord_voice@1 to /home/kyroh/.config/discord/0.0.51/modules/pending/discord_voice-1.zip: 41%
2024-04-27T01:51:34.526Z [Modules] Streaming discord_voice@1 to /home/kyroh/.config/discord/0.0.51/modules/pending/discord_voice-1.zip: 42%
2024-04-27T01:51:34.549Z [Modules] Streaming discord_voice@1 to /home/kyroh/.config/discord/0.0.51/modules/pending/discord_voice-1.zip: 43%
2024-04-27T01:51:34.580Z [Modules] Streaming discord_voice@1 to /home/kyroh/.config/discord/0.0.51/modules/pending/discord_voice-1.zip: 44%
2024-04-27T01:51:34.587Z [Modules] Streaming discord_voice@1 to /home/kyroh/.config/discord/0.0.51/modules/pending/discord_voice-1.zip: 45%
2024-04-27T01:51:34.609Z [Modules] Streaming discord_voice@1 to /home/kyroh/.config/discord/0.0.51/modules/pending/discord_voice-1.zip: 46%
2024-04-27T01:51:34.615Z [Modules] Streaming discord_voice@1 to /home/kyroh/.config/discord/0.0.51/modules/pending/discord_voice-1.zip: 47%
2024-04-27T01:51:34.632Z [Modules] Streaming discord_voice@1 to /home/kyroh/.config/discord/0.0.51/modules/pending/discord_voice-1.zip: 48%
2024-04-27T01:51:34.645Z [Modules] Streaming discord_voice@1 to /home/kyroh/.config/discord/0.0.51/modules/pending/discord_voice-1.zip: 49%
2024-04-27T01:51:34.661Z [Modules] Streaming discord_voice@1 to /home/kyroh/.config/discord/0.0.51/modules/pending/discord_voice-1.zip: 50%
2024-04-27T01:51:34.683Z [Modules] Streaming discord_voice@1 to /home/kyroh/.config/discord/0.0.51/modules/pending/discord_voice-1.zip: 51%
2024-04-27T01:51:34.699Z [Modules] Streaming discord_voice@1 to /home/kyroh/.config/discord/0.0.51/modules/pending/discord_voice-1.zip: 52%
2024-04-27T01:51:34.711Z [Modules] Streaming discord_voice@1 to /home/kyroh/.config/discord/0.0.51/modules/pending/discord_voice-1.zip: 53%
2024-04-27T01:51:34.719Z [Modules] Streaming discord_voice@1 to /home/kyroh/.config/discord/0.0.51/modules/pending/discord_voice-1.zip: 54%
2024-04-27T01:51:34.731Z [Modules] Streaming discord_voice@1 to /home/kyroh/.config/discord/0.0.51/modules/pending/discord_voice-1.zip: 55%
2024-04-27T01:51:34.742Z [Modules] Streaming discord_voice@1 to /home/kyroh/.config/discord/0.0.51/modules/pending/discord_voice-1.zip: 56%
2024-04-27T01:51:34.754Z [Modules] Streaming discord_voice@1 to /home/kyroh/.config/discord/0.0.51/modules/pending/discord_voice-1.zip: 57%
2024-04-27T01:51:34.762Z [Modules] Streaming discord_voice@1 to /home/kyroh/.config/discord/0.0.51/modules/pending/discord_voice-1.zip: 58%
2024-04-27T01:51:34.783Z [Modules] Streaming discord_voice@1 to /home/kyroh/.config/discord/0.0.51/modules/pending/discord_voice-1.zip: 59%
2024-04-27T01:51:34.795Z [Modules] Streaming discord_voice@1 to /home/kyroh/.config/discord/0.0.51/modules/pending/discord_voice-1.zip: 60%
2024-04-27T01:51:34.803Z [Modules] Streaming discord_voice@1 to /home/kyroh/.config/discord/0.0.51/modules/pending/discord_voice-1.zip: 61%
2024-04-27T01:51:34.822Z [Modules] Streaming discord_voice@1 to /home/kyroh/.config/discord/0.0.51/modules/pending/discord_voice-1.zip: 62%
2024-04-27T01:51:34.836Z [Modules] Streaming discord_voice@1 to /home/kyroh/.config/discord/0.0.51/modules/pending/discord_voice-1.zip: 63%
2024-04-27T01:51:34.861Z [Modules] Streaming discord_voice@1 to /home/kyroh/.config/discord/0.0.51/modules/pending/discord_voice-1.zip: 64%
2024-04-27T01:51:34.871Z [Modules] Streaming discord_voice@1 to /home/kyroh/.config/discord/0.0.51/modules/pending/discord_voice-1.zip: 65%
2024-04-27T01:51:34.891Z [Modules] Streaming discord_voice@1 to /home/kyroh/.config/discord/0.0.51/modules/pending/discord_voice-1.zip: 66%
2024-04-27T01:51:34.921Z [Modules] Streaming discord_voice@1 to /home/kyroh/.config/discord/0.0.51/modules/pending/discord_voice-1.zip: 67%
2024-04-27T01:51:34.932Z [Modules] Streaming discord_voice@1 to /home/kyroh/.config/discord/0.0.51/modules/pending/discord_voice-1.zip: 68%
2024-04-27T01:51:34.941Z [Modules] Streaming discord_voice@1 to /home/kyroh/.config/discord/0.0.51/modules/pending/discord_voice-1.zip: 69%
2024-04-27T01:51:34.955Z [Modules] Streaming discord_voice@1 to /home/kyroh/.config/discord/0.0.51/modules/pending/discord_voice-1.zip: 70%
2024-04-27T01:51:34.980Z [Modules] Streaming discord_voice@1 to /home/kyroh/.config/discord/0.0.51/modules/pending/discord_voice-1.zip: 71%
2024-04-27T01:51:35.015Z [Modules] Streaming discord_voice@1 to /home/kyroh/.config/discord/0.0.51/modules/pending/discord_voice-1.zip: 72%
2024-04-27T01:51:35.024Z [Modules] Streaming discord_voice@1 to /home/kyroh/.config/discord/0.0.51/modules/pending/discord_voice-1.zip: 73%
2024-04-27T01:51:35.039Z [Modules] Streaming discord_voice@1 to /home/kyroh/.config/discord/0.0.51/modules/pending/discord_voice-1.zip: 74%
2024-04-27T01:51:35.069Z [Modules] Streaming discord_voice@1 to /home/kyroh/.config/discord/0.0.51/modules/pending/discord_voice-1.zip: 75%
2024-04-27T01:51:35.073Z [Modules] Streaming discord_voice@1 to /home/kyroh/.config/discord/0.0.51/modules/pending/discord_voice-1.zip: 76%
2024-04-27T01:51:35.090Z [Modules] Streaming discord_voice@1 to /home/kyroh/.config/discord/0.0.51/modules/pending/discord_voice-1.zip: 77%
2024-04-27T01:51:35.133Z [Modules] Streaming discord_voice@1 to /home/kyroh/.config/discord/0.0.51/modules/pending/discord_voice-1.zip: 78%
2024-04-27T01:51:35.144Z [Modules] Streaming discord_voice@1 to /home/kyroh/.config/discord/0.0.51/modules/pending/discord_voice-1.zip: 79%
2024-04-27T01:51:35.170Z [Modules] Streaming discord_voice@1 to /home/kyroh/.config/discord/0.0.51/modules/pending/discord_voice-1.zip: 80%
2024-04-27T01:51:35.180Z [Modules] Streaming discord_voice@1 to /home/kyroh/.config/discord/0.0.51/modules/pending/discord_voice-1.zip: 81%
2024-04-27T01:51:35.215Z [Modules] Streaming discord_voice@1 to /home/kyroh/.config/discord/0.0.51/modules/pending/discord_voice-1.zip: 82%
2024-04-27T01:51:35.224Z [Modules] Streaming discord_voice@1 to /home/kyroh/.config/discord/0.0.51/modules/pending/discord_voice-1.zip: 83%
2024-04-27T01:51:35.247Z [Modules] Streaming discord_voice@1 to /home/kyroh/.config/discord/0.0.51/modules/pending/discord_voice-1.zip: 84%
2024-04-27T01:51:35.265Z [Modules] Streaming discord_voice@1 to /home/kyroh/.config/discord/0.0.51/modules/pending/discord_voice-1.zip: 85%
2024-04-27T01:51:35.286Z [Modules] Streaming discord_voice@1 to /home/kyroh/.config/discord/0.0.51/modules/pending/discord_voice-1.zip: 86%
2024-04-27T01:51:35.303Z [Modules] Streaming discord_voice@1 to /home/kyroh/.config/discord/0.0.51/modules/pending/discord_voice-1.zip: 87%
2024-04-27T01:51:35.324Z [Modules] Streaming discord_voice@1 to /home/kyroh/.config/discord/0.0.51/modules/pending/discord_voice-1.zip: 88%
2024-04-27T01:51:35.341Z [Modules] Streaming discord_voice@1 to /home/kyroh/.config/discord/0.0.51/modules/pending/discord_voice-1.zip: 89%
2024-04-27T01:51:35.374Z [Modules] Streaming discord_voice@1 to /home/kyroh/.config/discord/0.0.51/modules/pending/discord_voice-1.zip: 90%
2024-04-27T01:51:35.386Z [Modules] Streaming discord_voice@1 to /home/kyroh/.config/discord/0.0.51/modules/pending/discord_voice-1.zip: 91%
2024-04-27T01:51:35.431Z [Modules] Streaming discord_voice@1 to /home/kyroh/.config/discord/0.0.51/modules/pending/discord_voice-1.zip: 92%
2024-04-27T01:51:35.443Z [Modules] Streaming discord_voice@1 to /home/kyroh/.config/discord/0.0.51/modules/pending/discord_voice-1.zip: 93%
2024-04-27T01:51:35.460Z [Modules] Streaming discord_voice@1 to /home/kyroh/.config/discord/0.0.51/modules/pending/discord_voice-1.zip: 94%
2024-04-27T01:51:35.472Z [Modules] Streaming discord_voice@1 to /home/kyroh/.config/discord/0.0.51/modules/pending/discord_voice-1.zip: 95%
2024-04-27T01:51:35.506Z [Modules] Streaming discord_voice@1 to /home/kyroh/.config/discord/0.0.51/modules/pending/discord_voice-1.zip: 96%
2024-04-27T01:51:35.545Z [Modules] Streaming discord_voice@1 to /home/kyroh/.config/discord/0.0.51/modules/pending/discord_voice-1.zip: 97%
2024-04-27T01:51:35.557Z [Modules] Streaming discord_voice@1 to /home/kyroh/.config/discord/0.0.51/modules/pending/discord_voice-1.zip: 98%
2024-04-27T01:51:35.576Z [Modules] Streaming discord_voice@1 to /home/kyroh/.config/discord/0.0.51/modules/pending/discord_voice-1.zip: 99%
2024-04-27T01:51:35.609Z [Modules] Streaming discord_voice@1 to /home/kyroh/.config/discord/0.0.51/modules/pending/discord_voice-1.zip: 100%
2024-04-27T01:51:35.611Z [Modules] Fetching discord_zstd@1 from https://discord.com/api/modules/stable/discord_zstd/1
2024-04-27T01:51:35.611Z [Modules] Streaming discord_zstd@1 to /home/kyroh/.config/discord/0.0.51/modules/pending/discord_zstd-1.zip
2024-04-27T01:51:35.828Z [Modules] Streaming discord_zstd@1 to /home/kyroh/.config/discord/0.0.51/modules/pending/discord_zstd-1.zip: 3%
2024-04-27T01:51:35.829Z [Modules] Streaming discord_zstd@1 to /home/kyroh/.config/discord/0.0.51/modules/pending/discord_zstd-1.zip: 8%
2024-04-27T01:51:35.830Z [Modules] Streaming discord_zstd@1 to /home/kyroh/.config/discord/0.0.51/modules/pending/discord_zstd-1.zip: 10%
2024-04-27T01:51:35.832Z [Modules] Streaming discord_zstd@1 to /home/kyroh/.config/discord/0.0.51/modules/pending/discord_zstd-1.zip: 12%
2024-04-27T01:51:35.835Z [Modules] Streaming discord_zstd@1 to /home/kyroh/.config/discord/0.0.51/modules/pending/discord_zstd-1.zip: 17%
2024-04-27T01:51:35.836Z [Modules] Streaming discord_zstd@1 to /home/kyroh/.config/discord/0.0.51/modules/pending/discord_zstd-1.zip: 20%
2024-04-27T01:51:35.838Z [Modules] Streaming discord_zstd@1 to /home/kyroh/.config/discord/0.0.51/modules/pending/discord_zstd-1.zip: 21%
2024-04-27T01:51:35.844Z [Modules] Streaming discord_zstd@1 to /home/kyroh/.config/discord/0.0.51/modules/pending/discord_zstd-1.zip: 26%
2024-04-27T01:51:35.844Z [Modules] Streaming discord_zstd@1 to /home/kyroh/.config/discord/0.0.51/modules/pending/discord_zstd-1.zip: 27%
2024-04-27T01:51:35.847Z [Modules] Streaming discord_zstd@1 to /home/kyroh/.config/discord/0.0.51/modules/pending/discord_zstd-1.zip: 31%
2024-04-27T01:51:35.855Z [Modules] Streaming discord_zstd@1 to /home/kyroh/.config/discord/0.0.51/modules/pending/discord_zstd-1.zip: 35%
2024-04-27T01:51:35.856Z [Modules] Streaming discord_zstd@1 to /home/kyroh/.config/discord/0.0.51/modules/pending/discord_zstd-1.zip: 40%
2024-04-27T01:51:35.864Z [Modules] Streaming discord_zstd@1 to /home/kyroh/.config/discord/0.0.51/modules/pending/discord_zstd-1.zip: 41%
2024-04-27T01:51:35.866Z [Modules] Streaming discord_zstd@1 to /home/kyroh/.config/discord/0.0.51/modules/pending/discord_zstd-1.zip: 44%
2024-04-27T01:51:35.869Z [Modules] Streaming discord_zstd@1 to /home/kyroh/.config/discord/0.0.51/modules/pending/discord_zstd-1.zip: 49%
2024-04-27T01:51:35.869Z [Modules] Streaming discord_zstd@1 to /home/kyroh/.config/discord/0.0.51/modules/pending/discord_zstd-1.zip: 50%
2024-04-27T01:51:35.876Z [Modules] Streaming discord_zstd@1 to /home/kyroh/.config/discord/0.0.51/modules/pending/discord_zstd-1.zip: 53%
2024-04-27T01:51:35.879Z [Modules] Streaming discord_zstd@1 to /home/kyroh/.config/discord/0.0.51/modules/pending/discord_zstd-1.zip: 58%
2024-04-27T01:51:35.880Z [Modules] Streaming discord_zstd@1 to /home/kyroh/.config/discord/0.0.51/modules/pending/discord_zstd-1.zip: 60%
2024-04-27T01:51:35.882Z [Modules] Streaming discord_zstd@1 to /home/kyroh/.config/discord/0.0.51/modules/pending/discord_zstd-1.zip: 63%
2024-04-27T01:51:35.885Z [Modules] Streaming discord_zstd@1 to /home/kyroh/.config/discord/0.0.51/modules/pending/discord_zstd-1.zip: 68%
2024-04-27T01:51:35.886Z [Modules] Streaming discord_zstd@1 to /home/kyroh/.config/discord/0.0.51/modules/pending/discord_zstd-1.zip: 69%
2024-04-27T01:51:35.888Z [Modules] Streaming discord_zstd@1 to /home/kyroh/.config/discord/0.0.51/modules/pending/discord_zstd-1.zip: 72%
2024-04-27T01:51:35.891Z [Modules] Streaming discord_zstd@1 to /home/kyroh/.config/discord/0.0.51/modules/pending/discord_zstd-1.zip: 77%
2024-04-27T01:51:35.892Z [Modules] Streaming discord_zstd@1 to /home/kyroh/.config/discord/0.0.51/modules/pending/discord_zstd-1.zip: 78%
2024-04-27T01:51:35.898Z [Modules] Streaming discord_zstd@1 to /home/kyroh/.config/discord/0.0.51/modules/pending/discord_zstd-1.zip: 82%
2024-04-27T01:51:35.901Z [Modules] Streaming discord_zstd@1 to /home/kyroh/.config/discord/0.0.51/modules/pending/discord_zstd-1.zip: 87%
2024-04-27T01:51:35.901Z [Modules] Streaming discord_zstd@1 to /home/kyroh/.config/discord/0.0.51/modules/pending/discord_zstd-1.zip: 88%
2024-04-27T01:51:35.906Z [Modules] Streaming discord_zstd@1 to /home/kyroh/.config/discord/0.0.51/modules/pending/discord_zstd-1.zip: 90%
2024-04-27T01:51:35.909Z [Modules] Streaming discord_zstd@1 to /home/kyroh/.config/discord/0.0.51/modules/pending/discord_zstd-1.zip: 95%
2024-04-27T01:51:35.910Z [Modules] Streaming discord_zstd@1 to /home/kyroh/.config/discord/0.0.51/modules/pending/discord_zstd-1.zip: 97%
2024-04-27T01:51:35.913Z [Modules] Streaming discord_zstd@1 to /home/kyroh/.config/discord/0.0.51/modules/pending/discord_zstd-1.zip: 100%
2024-04-27T01:51:35.915Z [Modules] Finished module downloads. [success: 6] [failure: 0]
2024-04-27T01:51:35.915Z [Modules] Installing updates...
2024-04-27T01:51:35.915Z [Modules] Installing discord_desktop_core@1 from /home/kyroh/.config/discord/0.0.51/modules/pending/discord_desktop_core-1.zip
2024-04-27T01:51:36.016Z [Modules] Installing discord_erlpack@1 from /home/kyroh/.config/discord/0.0.51/modules/pending/discord_erlpack-1.zip
2024-04-27T01:51:36.075Z [Modules] Installing discord_spellcheck@1 from /home/kyroh/.config/discord/0.0.51/modules/pending/discord_spellcheck-1.zip
2024-04-27T01:51:36.878Z [Modules] Installing discord_utils@1 from /home/kyroh/.config/discord/0.0.51/modules/pending/discord_utils-1.zip
2024-04-27T01:51:36.973Z [Modules] Installing discord_voice@1 from /home/kyroh/.config/discord/0.0.51/modules/pending/discord_voice-1.zip
2024-04-27T01:51:37.384Z [Modules] Installing discord_zstd@1 from /home/kyroh/.config/discord/0.0.51/modules/pending/discord_zstd-1.zip
2024-04-27T01:51:37.430Z [Modules] Finished module installations. [success: 6] [failure: 0]
2024-04-27T01:51:37.431Z [Modules] Checking for host updates.
2024-04-27T01:51:37.568Z [Modules] Host is up to date.
2024-04-27T01:51:37.569Z [Modules] Checking for module updates at https://discord.com/api/modules/stable/versions.json
2024-04-27T01:51:37.573Z [Modules] No module updates available.
2024-04-27T01:51:38.984Z [Modules] Starting to install discord_krisp...
2024-04-27T01:51:38.984Z [Modules] Fetching discord_krisp@1 from https://discord.com/api/modules/stable/discord_krisp/1
2024-04-27T01:51:38.984Z [Modules] Streaming discord_krisp@1 to /home/kyroh/.config/discord/0.0.51/modules/pending/discord_krisp-1.zip
2024-04-27T01:51:38.988Z [Modules] Starting to install discord_game_utils...
2024-04-27T01:51:39.264Z [Modules] Streaming discord_krisp@1 to /home/kyroh/.config/discord/0.0.51/modules/pending/discord_krisp-1.zip: 2%
2024-04-27T01:51:39.278Z [Modules] Streaming discord_krisp@1 to /home/kyroh/.config/discord/0.0.51/modules/pending/discord_krisp-1.zip: 3%
2024-04-27T01:51:39.313Z [Modules] Streaming discord_krisp@1 to /home/kyroh/.config/discord/0.0.51/modules/pending/discord_krisp-1.zip: 4%
2024-04-27T01:51:39.340Z [Modules] Streaming discord_krisp@1 to /home/kyroh/.config/discord/0.0.51/modules/pending/discord_krisp-1.zip: 5%
2024-04-27T01:51:39.359Z [Modules] Streaming discord_krisp@1 to /home/kyroh/.config/discord/0.0.51/modules/pending/discord_krisp-1.zip: 6%
2024-04-27T01:51:39.369Z [Modules] Streaming discord_krisp@1 to /home/kyroh/.config/discord/0.0.51/modules/pending/discord_krisp-1.zip: 7%
2024-04-27T01:51:39.409Z [Modules] Streaming discord_krisp@1 to /home/kyroh/.config/discord/0.0.51/modules/pending/discord_krisp-1.zip: 8%
2024-04-27T01:51:39.419Z [Modules] Streaming discord_krisp@1 to /home/kyroh/.config/discord/0.0.51/modules/pending/discord_krisp-1.zip: 9%
2024-04-27T01:51:39.429Z [Modules] Checking for host updates.
2024-04-27T01:51:39.441Z [Modules] Streaming discord_krisp@1 to /home/kyroh/.config/discord/0.0.51/modules/pending/discord_krisp-1.zip: 10%
2024-04-27T01:51:39.461Z [Modules] Streaming discord_krisp@1 to /home/kyroh/.config/discord/0.0.51/modules/pending/discord_krisp-1.zip: 11%
2024-04-27T01:51:39.472Z [Modules] Streaming discord_krisp@1 to /home/kyroh/.config/discord/0.0.51/modules/pending/discord_krisp-1.zip: 12%
2024-04-27T01:51:39.482Z [Modules] Starting to install discord_rpc...
2024-04-27T01:51:39.491Z [Modules] Streaming discord_krisp@1 to /home/kyroh/.config/discord/0.0.51/modules/pending/discord_krisp-1.zip: 13%
2024-04-27T01:51:39.500Z [Modules] Streaming discord_krisp@1 to /home/kyroh/.config/discord/0.0.51/modules/pending/discord_krisp-1.zip: 14%
2024-04-27T01:51:39.524Z [Modules] Streaming discord_krisp@1 to /home/kyroh/.config/discord/0.0.51/modules/pending/discord_krisp-1.zip: 15%
2024-04-27T01:51:39.559Z [Modules] Streaming discord_krisp@1 to /home/kyroh/.config/discord/0.0.51/modules/pending/discord_krisp-1.zip: 16%
2024-04-27T01:51:39.562Z [Modules] Host is up to date.
2024-04-27T01:51:39.562Z [Modules] Checking for module updates at https://discord.com/api/modules/stable/versions.json
2024-04-27T01:51:39.565Z [Modules] No module updates available.
2024-04-27T01:51:39.570Z [Modules] Streaming discord_krisp@1 to /home/kyroh/.config/discord/0.0.51/modules/pending/discord_krisp-1.zip: 17%
2024-04-27T01:51:39.586Z [Modules] Streaming discord_krisp@1 to /home/kyroh/.config/discord/0.0.51/modules/pending/discord_krisp-1.zip: 18%
2024-04-27T01:51:39.601Z [Modules] Streaming discord_krisp@1 to /home/kyroh/.config/discord/0.0.51/modules/pending/discord_krisp-1.zip: 19%
2024-04-27T01:51:39.629Z [Modules] Streaming discord_krisp@1 to /home/kyroh/.config/discord/0.0.51/modules/pending/discord_krisp-1.zip: 20%
2024-04-27T01:51:39.653Z [Modules] Streaming discord_krisp@1 to /home/kyroh/.config/discord/0.0.51/modules/pending/discord_krisp-1.zip: 21%
2024-04-27T01:51:39.662Z [Modules] Streaming discord_krisp@1 to /home/kyroh/.config/discord/0.0.51/modules/pending/discord_krisp-1.zip: 22%
2024-04-27T01:51:39.686Z [Modules] Streaming discord_krisp@1 to /home/kyroh/.config/discord/0.0.51/modules/pending/discord_krisp-1.zip: 23%
2024-04-27T01:51:39.704Z [Modules] Streaming discord_krisp@1 to /home/kyroh/.config/discord/0.0.51/modules/pending/discord_krisp-1.zip: 24%
2024-04-27T01:51:39.716Z [Modules] Streaming discord_krisp@1 to /home/kyroh/.config/discord/0.0.51/modules/pending/discord_krisp-1.zip: 25%
2024-04-27T01:51:39.736Z [Modules] Streaming discord_krisp@1 to /home/kyroh/.config/discord/0.0.51/modules/pending/discord_krisp-1.zip: 26%
2024-04-27T01:51:39.749Z [Modules] Streaming discord_krisp@1 to /home/kyroh/.config/discord/0.0.51/modules/pending/discord_krisp-1.zip: 27%
2024-04-27T01:51:39.781Z [Modules] Streaming discord_krisp@1 to /home/kyroh/.config/discord/0.0.51/modules/pending/discord_krisp-1.zip: 28%
2024-04-27T01:51:39.806Z [Modules] Streaming discord_krisp@1 to /home/kyroh/.config/discord/0.0.51/modules/pending/discord_krisp-1.zip: 29%
2024-04-27T01:51:39.814Z [Modules] Streaming discord_krisp@1 to /home/kyroh/.config/discord/0.0.51/modules/pending/discord_krisp-1.zip: 30%
2024-04-27T01:51:39.850Z [Modules] Streaming discord_krisp@1 to /home/kyroh/.config/discord/0.0.51/modules/pending/discord_krisp-1.zip: 31%
2024-04-27T01:51:39.857Z [Modules] Streaming discord_krisp@1 to /home/kyroh/.config/discord/0.0.51/modules/pending/discord_krisp-1.zip: 32%
2024-04-27T01:51:39.868Z [Modules] Streaming discord_krisp@1 to /home/kyroh/.config/discord/0.0.51/modules/pending/discord_krisp-1.zip: 33%
2024-04-27T01:51:39.874Z [Modules] Streaming discord_krisp@1 to /home/kyroh/.config/discord/0.0.51/modules/pending/discord_krisp-1.zip: 34%
2024-04-27T01:51:39.911Z [Modules] Streaming discord_krisp@1 to /home/kyroh/.config/discord/0.0.51/modules/pending/discord_krisp-1.zip: 35%
2024-04-27T01:51:39.936Z [Modules] Streaming discord_krisp@1 to /home/kyroh/.config/discord/0.0.51/modules/pending/discord_krisp-1.zip: 36%
2024-04-27T01:51:39.955Z [Modules] Streaming discord_krisp@1 to /home/kyroh/.config/discord/0.0.51/modules/pending/discord_krisp-1.zip: 37%
2024-04-27T01:51:39.964Z [Modules] Streaming discord_krisp@1 to /home/kyroh/.config/discord/0.0.51/modules/pending/discord_krisp-1.zip: 38%
2024-04-27T01:51:39.997Z [Modules] Streaming discord_krisp@1 to /home/kyroh/.config/discord/0.0.51/modules/pending/discord_krisp-1.zip: 39%
2024-04-27T01:51:40.016Z [Modules] Streaming discord_krisp@1 to /home/kyroh/.config/discord/0.0.51/modules/pending/discord_krisp-1.zip: 40%
2024-04-27T01:51:40.032Z [Modules] Streaming discord_krisp@1 to /home/kyroh/.config/discord/0.0.51/modules/pending/discord_krisp-1.zip: 41%
2024-04-27T01:51:40.043Z [Modules] Streaming discord_krisp@1 to /home/kyroh/.config/discord/0.0.51/modules/pending/discord_krisp-1.zip: 42%
2024-04-27T01:51:40.064Z [Modules] Streaming discord_krisp@1 to /home/kyroh/.config/discord/0.0.51/modules/pending/discord_krisp-1.zip: 43%
2024-04-27T01:51:40.085Z [Modules] Streaming discord_krisp@1 to /home/kyroh/.config/discord/0.0.51/modules/pending/discord_krisp-1.zip: 44%
2024-04-27T01:51:40.117Z [Modules] Streaming discord_krisp@1 to /home/kyroh/.config/discord/0.0.51/modules/pending/discord_krisp-1.zip: 45%
2024-04-27T01:51:40.157Z [Modules] Streaming discord_krisp@1 to /home/kyroh/.config/discord/0.0.51/modules/pending/discord_krisp-1.zip: 46%
2024-04-27T01:51:40.170Z [Modules] Streaming discord_krisp@1 to /home/kyroh/.config/discord/0.0.51/modules/pending/discord_krisp-1.zip: 47%
2024-04-27T01:51:40.176Z [Modules] Streaming discord_krisp@1 to /home/kyroh/.config/discord/0.0.51/modules/pending/discord_krisp-1.zip: 48%
2024-04-27T01:51:40.195Z [Modules] Streaming discord_krisp@1 to /home/kyroh/.config/discord/0.0.51/modules/pending/discord_krisp-1.zip: 49%
2024-04-27T01:51:40.214Z [Modules] Streaming discord_krisp@1 to /home/kyroh/.config/discord/0.0.51/modules/pending/discord_krisp-1.zip: 50%
2024-04-27T01:51:40.233Z [Modules] Streaming discord_krisp@1 to /home/kyroh/.config/discord/0.0.51/modules/pending/discord_krisp-1.zip: 51%
2024-04-27T01:51:40.246Z [Modules] Streaming discord_krisp@1 to /home/kyroh/.config/discord/0.0.51/modules/pending/discord_krisp-1.zip: 52%
2024-04-27T01:51:40.265Z [Modules] Streaming discord_krisp@1 to /home/kyroh/.config/discord/0.0.51/modules/pending/discord_krisp-1.zip: 53%
2024-04-27T01:51:40.290Z [Modules] Streaming discord_krisp@1 to /home/kyroh/.config/discord/0.0.51/modules/pending/discord_krisp-1.zip: 54%
2024-04-27T01:51:40.303Z [Modules] Streaming discord_krisp@1 to /home/kyroh/.config/discord/0.0.51/modules/pending/discord_krisp-1.zip: 55%
2024-04-27T01:51:40.319Z [Modules] Streaming discord_krisp@1 to /home/kyroh/.config/discord/0.0.51/modules/pending/discord_krisp-1.zip: 56%
2024-04-27T01:51:40.331Z [Modules] Streaming discord_krisp@1 to /home/kyroh/.config/discord/0.0.51/modules/pending/discord_krisp-1.zip: 57%
2024-04-27T01:51:40.346Z [Modules] Streaming discord_krisp@1 to /home/kyroh/.config/discord/0.0.51/modules/pending/discord_krisp-1.zip: 58%
2024-04-27T01:51:40.365Z [Modules] Streaming discord_krisp@1 to /home/kyroh/.config/discord/0.0.51/modules/pending/discord_krisp-1.zip: 59%
2024-04-27T01:51:40.378Z [Modules] Streaming discord_krisp@1 to /home/kyroh/.config/discord/0.0.51/modules/pending/discord_krisp-1.zip: 60%
2024-04-27T01:51:40.400Z [Modules] Streaming discord_krisp@1 to /home/kyroh/.config/discord/0.0.51/modules/pending/discord_krisp-1.zip: 61%
2024-04-27T01:51:40.432Z [Modules] Streaming discord_krisp@1 to /home/kyroh/.config/discord/0.0.51/modules/pending/discord_krisp-1.zip: 62%
2024-04-27T01:51:40.442Z [Modules] Streaming discord_krisp@1 to /home/kyroh/.config/discord/0.0.51/modules/pending/discord_krisp-1.zip: 63%
2024-04-27T01:51:40.463Z [Modules] Streaming discord_krisp@1 to /home/kyroh/.config/discord/0.0.51/modules/pending/discord_krisp-1.zip: 64%
2024-04-27T01:51:40.472Z [Modules] Streaming discord_krisp@1 to /home/kyroh/.config/discord/0.0.51/modules/pending/discord_krisp-1.zip: 65%
2024-04-27T01:51:40.488Z [Modules] Streaming discord_krisp@1 to /home/kyroh/.config/discord/0.0.51/modules/pending/discord_krisp-1.zip: 66%
2024-04-27T01:51:40.506Z [Modules] Streaming discord_krisp@1 to /home/kyroh/.config/discord/0.0.51/modules/pending/discord_krisp-1.zip: 67%
2024-04-27T01:51:40.535Z [Modules] Streaming discord_krisp@1 to /home/kyroh/.config/discord/0.0.51/modules/pending/discord_krisp-1.zip: 68%
2024-04-27T01:51:40.550Z [Modules] Streaming discord_krisp@1 to /home/kyroh/.config/discord/0.0.51/modules/pending/discord_krisp-1.zip: 69%
2024-04-27T01:51:40.574Z [Modules] Streaming discord_krisp@1 to /home/kyroh/.config/discord/0.0.51/modules/pending/discord_krisp-1.zip: 70%
2024-04-27T01:51:40.583Z [Modules] Streaming discord_krisp@1 to /home/kyroh/.config/discord/0.0.51/modules/pending/discord_krisp-1.zip: 71%
2024-04-27T01:51:40.594Z [Modules] Streaming discord_krisp@1 to /home/kyroh/.config/discord/0.0.51/modules/pending/discord_krisp-1.zip: 72%
2024-04-27T01:51:40.611Z [Modules] Streaming discord_krisp@1 to /home/kyroh/.config/discord/0.0.51/modules/pending/discord_krisp-1.zip: 73%
2024-04-27T01:51:40.637Z [Modules] Streaming discord_krisp@1 to /home/kyroh/.config/discord/0.0.51/modules/pending/discord_krisp-1.zip: 74%
2024-04-27T01:51:40.649Z [Modules] Streaming discord_krisp@1 to /home/kyroh/.config/discord/0.0.51/modules/pending/discord_krisp-1.zip: 75%
2024-04-27T01:51:40.668Z [Modules] Streaming discord_krisp@1 to /home/kyroh/.config/discord/0.0.51/modules/pending/discord_krisp-1.zip: 76%
2024-04-27T01:51:40.685Z [Modules] Streaming discord_krisp@1 to /home/kyroh/.config/discord/0.0.51/modules/pending/discord_krisp-1.zip: 77%
2024-04-27T01:51:40.704Z [Modules] Streaming discord_krisp@1 to /home/kyroh/.config/discord/0.0.51/modules/pending/discord_krisp-1.zip: 78%
2024-04-27T01:51:40.713Z [Modules] Streaming discord_krisp@1 to /home/kyroh/.config/discord/0.0.51/modules/pending/discord_krisp-1.zip: 79%
2024-04-27T01:51:40.730Z [Modules] Streaming discord_krisp@1 to /home/kyroh/.config/discord/0.0.51/modules/pending/discord_krisp-1.zip: 80%
2024-04-27T01:51:40.742Z [Modules] Streaming discord_krisp@1 to /home/kyroh/.config/discord/0.0.51/modules/pending/discord_krisp-1.zip: 81%
2024-04-27T01:51:40.760Z [Modules] Streaming discord_krisp@1 to /home/kyroh/.config/discord/0.0.51/modules/pending/discord_krisp-1.zip: 82%
2024-04-27T01:51:40.770Z [Modules] Streaming discord_krisp@1 to /home/kyroh/.config/discord/0.0.51/modules/pending/discord_krisp-1.zip: 83%
2024-04-27T01:51:40.783Z [Modules] Streaming discord_krisp@1 to /home/kyroh/.config/discord/0.0.51/modules/pending/discord_krisp-1.zip: 84%
2024-04-27T01:51:40.807Z [Modules] Streaming discord_krisp@1 to /home/kyroh/.config/discord/0.0.51/modules/pending/discord_krisp-1.zip: 85%
2024-04-27T01:51:40.828Z [Modules] Streaming discord_krisp@1 to /home/kyroh/.config/discord/0.0.51/modules/pending/discord_krisp-1.zip: 86%
2024-04-27T01:51:40.836Z [Modules] Streaming discord_krisp@1 to /home/kyroh/.config/discord/0.0.51/modules/pending/discord_krisp-1.zip: 87%
2024-04-27T01:51:40.847Z [Modules] Streaming discord_krisp@1 to /home/kyroh/.config/discord/0.0.51/modules/pending/discord_krisp-1.zip: 88%
2024-04-27T01:51:40.872Z [Modules] Streaming discord_krisp@1 to /home/kyroh/.config/discord/0.0.51/modules/pending/discord_krisp-1.zip: 89%
2024-04-27T01:51:40.882Z [Modules] Streaming discord_krisp@1 to /home/kyroh/.config/discord/0.0.51/modules/pending/discord_krisp-1.zip: 90%
2024-04-27T01:51:40.894Z [Modules] Streaming discord_krisp@1 to /home/kyroh/.config/discord/0.0.51/modules/pending/discord_krisp-1.zip: 91%
2024-04-27T01:51:40.973Z [Modules] Streaming discord_krisp@1 to /home/kyroh/.config/discord/0.0.51/modules/pending/discord_krisp-1.zip: 92%
2024-04-27T01:51:40.982Z [Modules] Streaming discord_krisp@1 to /home/kyroh/.config/discord/0.0.51/modules/pending/discord_krisp-1.zip: 93%
2024-04-27T01:51:41.002Z [Modules] Streaming discord_krisp@1 to /home/kyroh/.config/discord/0.0.51/modules/pending/discord_krisp-1.zip: 94%
2024-04-27T01:51:41.014Z [Modules] Streaming discord_krisp@1 to /home/kyroh/.config/discord/0.0.51/modules/pending/discord_krisp-1.zip: 95%
2024-04-27T01:51:41.028Z [Modules] Streaming discord_krisp@1 to /home/kyroh/.config/discord/0.0.51/modules/pending/discord_krisp-1.zip: 96%
2024-04-27T01:51:41.037Z [Modules] Streaming discord_krisp@1 to /home/kyroh/.config/discord/0.0.51/modules/pending/discord_krisp-1.zip: 97%
2024-04-27T01:51:41.057Z [Modules] Streaming discord_krisp@1 to /home/kyroh/.config/discord/0.0.51/modules/pending/discord_krisp-1.zip: 98%
2024-04-27T01:51:41.062Z [Modules] Streaming discord_krisp@1 to /home/kyroh/.config/discord/0.0.51/modules/pending/discord_krisp-1.zip: 99%
2024-04-27T01:51:41.080Z [Modules] Streaming discord_krisp@1 to /home/kyroh/.config/discord/0.0.51/modules/pending/discord_krisp-1.zip: 100%
2024-04-27T01:51:41.082Z [Modules] Fetching discord_game_utils@1 from https://discord.com/api/modules/stable/discord_game_utils/1
2024-04-27T01:51:41.083Z [Modules] Streaming discord_game_utils@1 to /home/kyroh/.config/discord/0.0.51/modules/pending/discord_game_utils-1.zip
2024-04-27T01:51:41.083Z [Modules] Installing discord_krisp@1 from /home/kyroh/.config/discord/0.0.51/modules/pending/discord_krisp-1.zip
2024-04-27T01:51:41.238Z [Modules] Streaming discord_game_utils@1 to /home/kyroh/.config/discord/0.0.51/modules/pending/discord_game_utils-1.zip: 2%
2024-04-27T01:51:41.239Z [Modules] Streaming discord_game_utils@1 to /home/kyroh/.config/discord/0.0.51/modules/pending/discord_game_utils-1.zip: 3%
2024-04-27T01:51:41.243Z [Modules] Streaming discord_game_utils@1 to /home/kyroh/.config/discord/0.0.51/modules/pending/discord_game_utils-1.zip: 7%
2024-04-27T01:51:41.245Z [Modules] Streaming discord_game_utils@1 to /home/kyroh/.config/discord/0.0.51/modules/pending/discord_game_utils-1.zip: 8%
2024-04-27T01:51:41.248Z [Modules] Streaming discord_game_utils@1 to /home/kyroh/.config/discord/0.0.51/modules/pending/discord_game_utils-1.zip: 10%
2024-04-27T01:51:41.249Z [Modules] Streaming discord_game_utils@1 to /home/kyroh/.config/discord/0.0.51/modules/pending/discord_game_utils-1.zip: 12%
2024-04-27T01:51:41.251Z [Modules] Streaming discord_game_utils@1 to /home/kyroh/.config/discord/0.0.51/modules/pending/discord_game_utils-1.zip: 14%
2024-04-27T01:51:41.254Z [Modules] Streaming discord_game_utils@1 to /home/kyroh/.config/discord/0.0.51/modules/pending/discord_game_utils-1.zip: 16%
2024-04-27T01:51:41.255Z [Modules] Streaming discord_game_utils@1 to /home/kyroh/.config/discord/0.0.51/modules/pending/discord_game_utils-1.zip: 17%
2024-04-27T01:51:41.257Z [Modules] Streaming discord_game_utils@1 to /home/kyroh/.config/discord/0.0.51/modules/pending/discord_game_utils-1.zip: 19%
2024-04-27T01:51:41.260Z [Modules] Streaming discord_game_utils@1 to /home/kyroh/.config/discord/0.0.51/modules/pending/discord_game_utils-1.zip: 21%
2024-04-27T01:51:41.260Z [Modules] Streaming discord_game_utils@1 to /home/kyroh/.config/discord/0.0.51/modules/pending/discord_game_utils-1.zip: 23%
2024-04-27T01:51:41.268Z [Modules] Streaming discord_game_utils@1 to /home/kyroh/.config/discord/0.0.51/modules/pending/discord_game_utils-1.zip: 24%
2024-04-27T01:51:41.271Z [Modules] Streaming discord_game_utils@1 to /home/kyroh/.config/discord/0.0.51/modules/pending/discord_game_utils-1.zip: 26%
2024-04-27T01:51:41.273Z [Modules] Streaming discord_game_utils@1 to /home/kyroh/.config/discord/0.0.51/modules/pending/discord_game_utils-1.zip: 29%
2024-04-27T01:51:41.279Z [Modules] Streaming discord_game_utils@1 to /home/kyroh/.config/discord/0.0.51/modules/pending/discord_game_utils-1.zip: 30%
2024-04-27T01:51:41.282Z [Modules] Streaming discord_game_utils@1 to /home/kyroh/.config/discord/0.0.51/modules/pending/discord_game_utils-1.zip: 33%
2024-04-27T01:51:41.283Z [Modules] Streaming discord_game_utils@1 to /home/kyroh/.config/discord/0.0.51/modules/pending/discord_game_utils-1.zip: 34%
2024-04-27T01:51:41.286Z [Modules] Streaming discord_game_utils@1 to /home/kyroh/.config/discord/0.0.51/modules/pending/discord_game_utils-1.zip: 36%
2024-04-27T01:51:41.289Z [Modules] Streaming discord_game_utils@1 to /home/kyroh/.config/discord/0.0.51/modules/pending/discord_game_utils-1.zip: 38%
2024-04-27T01:51:41.289Z [Modules] Streaming discord_game_utils@1 to /home/kyroh/.config/discord/0.0.51/modules/pending/discord_game_utils-1.zip: 39%
2024-04-27T01:51:41.292Z [Modules] Streaming discord_game_utils@1 to /home/kyroh/.config/discord/0.0.51/modules/pending/discord_game_utils-1.zip: 41%
2024-04-27T01:51:41.295Z [Modules] Streaming discord_game_utils@1 to /home/kyroh/.config/discord/0.0.51/modules/pending/discord_game_utils-1.zip: 43%
2024-04-27T01:51:41.295Z [Modules] Streaming discord_game_utils@1 to /home/kyroh/.config/discord/0.0.51/modules/pending/discord_game_utils-1.zip: 45%
2024-04-27T01:51:41.297Z [Modules] Streaming discord_game_utils@1 to /home/kyroh/.config/discord/0.0.51/modules/pending/discord_game_utils-1.zip: 46%
2024-04-27T01:51:41.300Z [Modules] Streaming discord_game_utils@1 to /home/kyroh/.config/discord/0.0.51/modules/pending/discord_game_utils-1.zip: 50%
2024-04-27T01:51:41.303Z [Modules] Streaming discord_game_utils@1 to /home/kyroh/.config/discord/0.0.51/modules/pending/discord_game_utils-1.zip: 51%
2024-04-27T01:51:41.306Z [Modules] Streaming discord_game_utils@1 to /home/kyroh/.config/discord/0.0.51/modules/pending/discord_game_utils-1.zip: 54%
2024-04-27T01:51:41.307Z [Modules] Streaming discord_game_utils@1 to /home/kyroh/.config/discord/0.0.51/modules/pending/discord_game_utils-1.zip: 55%
2024-04-27T01:51:41.309Z [Modules] Streaming discord_game_utils@1 to /home/kyroh/.config/discord/0.0.51/modules/pending/discord_game_utils-1.zip: 56%
2024-04-27T01:51:41.312Z [Modules] Streaming discord_game_utils@1 to /home/kyroh/.config/discord/0.0.51/modules/pending/discord_game_utils-1.zip: 59%
2024-04-27T01:51:41.313Z [Modules] Streaming discord_game_utils@1 to /home/kyroh/.config/discord/0.0.51/modules/pending/discord_game_utils-1.zip: 61%
2024-04-27T01:51:41.319Z [Modules] Streaming discord_game_utils@1 to /home/kyroh/.config/discord/0.0.51/modules/pending/discord_game_utils-1.zip: 64%
2024-04-27T01:51:41.319Z [Modules] Streaming discord_game_utils@1 to /home/kyroh/.config/discord/0.0.51/modules/pending/discord_game_utils-1.zip: 66%
2024-04-27T01:51:41.326Z [Modules] Streaming discord_game_utils@1 to /home/kyroh/.config/discord/0.0.51/modules/pending/discord_game_utils-1.zip: 67%
2024-04-27T01:51:41.328Z [Modules] Streaming discord_game_utils@1 to /home/kyroh/.config/discord/0.0.51/modules/pending/discord_game_utils-1.zip: 69%
2024-04-27T01:51:41.333Z [Modules] Streaming discord_game_utils@1 to /home/kyroh/.config/discord/0.0.51/modules/pending/discord_game_utils-1.zip: 71%
2024-04-27T01:51:41.344Z [Modules] Streaming discord_game_utils@1 to /home/kyroh/.config/discord/0.0.51/modules/pending/discord_game_utils-1.zip: 72%
2024-04-27T01:51:41.345Z [Modules] Streaming discord_game_utils@1 to /home/kyroh/.config/discord/0.0.51/modules/pending/discord_game_utils-1.zip: 73%
2024-04-27T01:51:41.348Z [Modules] Streaming discord_game_utils@1 to /home/kyroh/.config/discord/0.0.51/modules/pending/discord_game_utils-1.zip: 76%
2024-04-27T01:51:41.349Z [Modules] Streaming discord_game_utils@1 to /home/kyroh/.config/discord/0.0.51/modules/pending/discord_game_utils-1.zip: 78%
2024-04-27T01:51:41.353Z [Modules] Streaming discord_game_utils@1 to /home/kyroh/.config/discord/0.0.51/modules/pending/discord_game_utils-1.zip: 79%
2024-04-27T01:51:41.356Z [Modules] Streaming discord_game_utils@1 to /home/kyroh/.config/discord/0.0.51/modules/pending/discord_game_utils-1.zip: 80%
2024-04-27T01:51:41.356Z [Modules] Streaming discord_game_utils@1 to /home/kyroh/.config/discord/0.0.51/modules/pending/discord_game_utils-1.zip: 82%
2024-04-27T01:51:41.357Z [Modules] Streaming discord_game_utils@1 to /home/kyroh/.config/discord/0.0.51/modules/pending/discord_game_utils-1.zip: 83%
2024-04-27T01:51:41.357Z [Modules] Streaming discord_game_utils@1 to /home/kyroh/.config/discord/0.0.51/modules/pending/discord_game_utils-1.zip: 85%
2024-04-27T01:51:41.361Z [Modules] Streaming discord_game_utils@1 to /home/kyroh/.config/discord/0.0.51/modules/pending/discord_game_utils-1.zip: 87%
2024-04-27T01:51:41.361Z [Modules] Streaming discord_game_utils@1 to /home/kyroh/.config/discord/0.0.51/modules/pending/discord_game_utils-1.zip: 88%
2024-04-27T01:51:41.364Z [Modules] Streaming discord_game_utils@1 to /home/kyroh/.config/discord/0.0.51/modules/pending/discord_game_utils-1.zip: 90%
2024-04-27T01:51:41.367Z [Modules] Streaming discord_game_utils@1 to /home/kyroh/.config/discord/0.0.51/modules/pending/discord_game_utils-1.zip: 92%
2024-04-27T01:51:41.367Z [Modules] Streaming discord_game_utils@1 to /home/kyroh/.config/discord/0.0.51/modules/pending/discord_game_utils-1.zip: 94%
2024-04-27T01:51:41.370Z [Modules] Streaming discord_game_utils@1 to /home/kyroh/.config/discord/0.0.51/modules/pending/discord_game_utils-1.zip: 95%
2024-04-27T01:51:41.375Z [Modules] Streaming discord_game_utils@1 to /home/kyroh/.config/discord/0.0.51/modules/pending/discord_game_utils-1.zip: 96%
2024-04-27T01:51:41.379Z [Modules] Streaming discord_game_utils@1 to /home/kyroh/.config/discord/0.0.51/modules/pending/discord_game_utils-1.zip: 97%
2024-04-27T01:51:41.382Z [Modules] Streaming discord_game_utils@1 to /home/kyroh/.config/discord/0.0.51/modules/pending/discord_game_utils-1.zip: 98%
2024-04-27T01:51:41.384Z [Modules] Streaming discord_game_utils@1 to /home/kyroh/.config/discord/0.0.51/modules/pending/discord_game_utils-1.zip: 100%
2024-04-27T01:51:41.385Z [Modules] Fetching discord_rpc@1 from https://discord.com/api/modules/stable/discord_rpc/1
2024-04-27T01:51:41.386Z [Modules] Streaming discord_rpc@1 to /home/kyroh/.config/discord/0.0.51/modules/pending/discord_rpc-1.zip
2024-04-27T01:51:41.559Z [Modules] Installing discord_game_utils@1 from /home/kyroh/.config/discord/0.0.51/modules/pending/discord_game_utils-1.zip
2024-04-27T01:51:41.563Z [Modules] Streaming discord_rpc@1 to /home/kyroh/.config/discord/0.0.51/modules/pending/discord_rpc-1.zip: 100%
2024-04-27T01:51:41.563Z [Modules] Finished module downloads. [success: 3] [failure: 0]
2024-04-27T01:51:41.610Z [Modules] Installing discord_rpc@1 from /home/kyroh/.config/discord/0.0.51/modules/pending/discord_rpc-1.zip
2024-04-27T01:51:41.619Z [Modules] Finished module installations. [success: 3] [failure: 0]
2024-04-29T19:09:21.076Z [Modules] Modules initializing
2024-04-29T19:09:21.076Z [Modules] Distribution: remote
2024-04-29T19:09:21.076Z [Modules] Host updates: enabled
2024-04-29T19:09:21.076Z [Modules] Module updates: enabled
2024-04-29T19:09:21.076Z [Modules] Module install path: /home/kyroh/.config/discord/0.0.51/modules
2024-04-29T19:09:21.076Z [Modules] Module installed file path: /home/kyroh/.config/discord/0.0.51/modules/installed.json
2024-04-29T19:09:21.076Z [Modules] Module download path: /home/kyroh/.config/discord/0.0.51/modules/pending
2024-04-29T19:09:21.378Z [Modules] No updates to install
2024-04-29T19:09:21.378Z [Modules] Checking for host updates.
2024-04-29T19:09:21.604Z [Modules] Host is up to date.
2024-04-29T19:09:21.604Z [Modules] Checking for module updates at https://discord.com/api/modules/stable/versions.json
2024-04-29T19:09:21.640Z [Modules] No module updates available.
2024-04-29T19:09:23.704Z [Modules] Checking for host updates.
2024-04-29T19:09:23.857Z [Modules] Host is up to date.
2024-04-29T19:09:23.857Z [Modules] Checking for module updates at https://discord.com/api/modules/stable/versions.json
2024-04-29T19:09:23.860Z [Modules] No module updates available.
2024-04-29T20:09:23.713Z [Modules] Checking for host updates.
2024-04-29T20:09:23.921Z [Modules] Host is up to date.
2024-04-29T20:09:23.922Z [Modules] Checking for module updates at https://discord.com/api/modules/stable/versions.json
2024-04-29T20:09:23.946Z [Modules] No module updates available.
2024-04-29T22:14:13.324Z [Modules] Modules initializing
2024-04-29T22:14:13.324Z [Modules] Distribution: remote
2024-04-29T22:14:13.324Z [Modules] Host updates: enabled
2024-04-29T22:14:13.324Z [Modules] Module updates: enabled
2024-04-29T22:14:13.324Z [Modules] Module install path: /home/kyroh/.config/discord/0.0.51/modules
2024-04-29T22:14:13.324Z [Modules] Module installed file path: /home/kyroh/.config/discord/0.0.51/modules/installed.json
2024-04-29T22:14:13.324Z [Modules] Module download path: /home/kyroh/.config/discord/0.0.51/modules/pending
2024-04-29T22:14:13.619Z [Modules] No updates to install
2024-04-29T22:14:13.619Z [Modules] Checking for host updates.
2024-04-29T22:14:13.753Z [Modules] Host update is available. Manual update required!
2024-04-29T22:42:20.658Z [Modules] Modules initializing
2024-04-29T22:42:20.658Z [Modules] Distribution: remote
2024-04-29T22:42:20.658Z [Modules] Host updates: enabled
2024-04-29T22:42:20.658Z [Modules] Module updates: enabled
2024-04-29T22:42:20.658Z [Modules] Module install path: /home/kyroh/.config/discord/0.0.51/modules
2024-04-29T22:42:20.658Z [Modules] Module installed file path: /home/kyroh/.config/discord/0.0.51/modules/installed.json
2024-04-29T22:42:20.658Z [Modules] Module download path: /home/kyroh/.config/discord/0.0.51/modules/pending
2024-04-29T22:42:20.995Z [Modules] No updates to install
2024-04-29T22:42:20.996Z [Modules] Checking for host updates.
2024-04-29T22:42:21.170Z [Modules] Host update is available. Manual update required!
2024-04-29T22:42:48.182Z [Modules] Modules initializing
2024-04-29T22:42:48.182Z [Modules] Distribution: remote
2024-04-29T22:42:48.182Z [Modules] Host updates: enabled
2024-04-29T22:42:48.182Z [Modules] Module updates: enabled
2024-04-29T22:42:48.182Z [Modules] Module install path: /home/kyroh/.config/discord/0.0.51/modules
2024-04-29T22:42:48.183Z [Modules] Module installed file path: /home/kyroh/.config/discord/0.0.51/modules/installed.json
2024-04-29T22:42:48.183Z [Modules] Module download path: /home/kyroh/.config/discord/0.0.51/modules/pending
2024-04-29T22:42:48.443Z [Modules] No updates to install
2024-04-29T22:42:48.443Z [Modules] Checking for host updates.
2024-04-29T22:42:48.615Z [Modules] Host update is available. Manual update required!
